{
  "/Users/rg/dev/opensea-activity-bot/src/opensea.ts": {
    "path": "/Users/rg/dev/opensea-activity-bot/src/opensea.ts",
    "statementMap": {
      "0": {
        "start": { "line": 1, "column": 0 },
        "end": { "line": 1, "column": 43 }
      },
      "1": {
        "start": { "line": 2, "column": 0 },
        "end": { "line": 2, "column": 37 }
      },
      "2": {
        "start": { "line": 3, "column": 0 },
        "end": { "line": 3, "column": 57 }
      },
      "3": {
        "start": { "line": 10, "column": 0 },
        "end": { "line": 10, "column": 69 }
      },
      "4": {
        "start": { "line": 11, "column": 0 },
        "end": { "line": 11, "column": 40 }
      },
      "5": {
        "start": { "line": 12, "column": 0 },
        "end": { "line": 12, "column": 45 }
      },
      "6": {
        "start": { "line": 13, "column": 0 },
        "end": { "line": 13, "column": 44 }
      },
      "7": {
        "start": { "line": 14, "column": 0 },
        "end": { "line": 14, "column": 77 }
      },
      "8": {
        "start": { "line": 22, "column": 4 },
        "end": { "line": 22, "column": 15 }
      },
      "9": {
        "start": { "line": 24, "column": 25 },
        "end": { "line": 24, "column": 50 }
      },
      "10": {
        "start": { "line": 25, "column": 0 },
        "end": { "line": 28, "column": 1 }
      },
      "11": {
        "start": { "line": 26, "column": 2 },
        "end": { "line": 26, "column": 69 }
      },
      "12": {
        "start": { "line": 27, "column": 2 },
        "end": { "line": 27, "column": 65 }
      },
      "13": {
        "start": { "line": 31, "column": 38 },
        "end": { "line": 31, "column": 42 }
      },
      "14": {
        "start": { "line": 32, "column": 27 },
        "end": { "line": 33, "column": null }
      },
      "15": {
        "start": { "line": 36, "column": 13 },
        "end": { "line": 51, "column": 2 }
      },
      "16": {
        "start": { "line": 38, "column": 23 },
        "end": { "line": 38, "column": 72 }
      },
      "17": {
        "start": { "line": 39, "column": 19 },
        "end": { "line": 39, "column": 70 }
      },
      "18": {
        "start": { "line": 40, "column": 21 },
        "end": { "line": 40, "column": 77 }
      },
      "19": {
        "start": { "line": 41, "column": 35 },
        "end": { "line": 41, "column": 70 }
      },
      "20": {
        "start": { "line": 43, "column": 4 },
        "end": { "line": 43, "column": 76 }
      },
      "21": {
        "start": { "line": 56, "column": 26 },
        "end": { "line": 77, "column": 1 }
      },
      "22": {
        "start": { "line": 59, "column": 2 },
        "end": { "line": 76, "column": 3 }
      },
      "23": {
        "start": { "line": 60, "column": 21 },
        "end": { "line": 60, "column": 55 }
      },
      "24": {
        "start": { "line": 61, "column": 4 },
        "end": { "line": 67, "column": 5 }
      },
      "25": {
        "start": { "line": 62, "column": 6 },
        "end": { "line": 65, "column": 8 }
      },
      "26": {
        "start": { "line": 66, "column": 6 },
        "end": { "line": 66, "column": 13 }
      },
      "27": {
        "start": { "line": 68, "column": 20 },
        "end": { "line": 68, "column": 41 }
      },
      "28": {
        "start": { "line": 69, "column": 4 },
        "end": { "line": 69, "column": 18 }
      },
      "29": {
        "start": { "line": 72, "column": 6 },
        "end": { "line": 74, "column": 23 }
      },
      "30": {
        "start": { "line": 75, "column": 4 },
        "end": { "line": 75, "column": 55 }
      },
      "31": {
        "start": { "line": 56, "column": 13 },
        "end": { "line": 56, "column": 26 }
      },
      "32": {
        "start": { "line": 84, "column": 32 },
        "end": { "line": 84, "column": 35 }
      },
      "33": {
        "start": { "line": 85, "column": 22 },
        "end": { "line": 85, "column": 75 }
      },
      "34": {
        "start": { "line": 86, "column": 23 },
        "end": { "line": 87, "column": 41 }
      },
      "35": {
        "start": { "line": 87, "column": 2 },
        "end": { "line": 87, "column": 41 }
      },
      "36": {
        "start": { "line": 88, "column": 24 },
        "end": { "line": 98, "column": 1 }
      },
      "37": {
        "start": { "line": 89, "column": 17 },
        "end": { "line": 89, "column": 43 }
      },
      "38": {
        "start": { "line": 90, "column": 2 },
        "end": { "line": 92, "column": 3 }
      },
      "39": {
        "start": { "line": 91, "column": 4 },
        "end": { "line": 91, "column": 43 }
      },
      "40": {
        "start": { "line": 94, "column": 18 },
        "end": { "line": 94, "column": 45 }
      },
      "41": {
        "start": { "line": 95, "column": 22 },
        "end": { "line": 95, "column": 45 }
      },
      "42": {
        "start": { "line": 96, "column": 2 },
        "end": { "line": 96, "column": 42 }
      },
      "43": {
        "start": { "line": 97, "column": 2 },
        "end": { "line": 97, "column": 46 }
      },
      "44": {
        "start": { "line": 88, "column": 13 },
        "end": { "line": 88, "column": 24 }
      },
      "45": {
        "start": { "line": 100, "column": 21 },
        "end": { "line": 106, "column": 1 }
      },
      "46": {
        "start": { "line": 103, "column": 14 },
        "end": { "line": 103, "column": 41 }
      },
      "47": {
        "start": { "line": 104, "column": 17 },
        "end": { "line": 104, "column": 54 }
      },
      "48": {
        "start": { "line": 105, "column": 2 },
        "end": { "line": 105, "column": 16 }
      },
      "49": {
        "start": { "line": 108, "column": 13 },
        "end": { "line": 115, "column": 11 }
      },
      "50": {
        "start": { "line": 118, "column": 37 },
        "end": { "line": 124, "column": 1 }
      },
      "51": {
        "start": { "line": 119, "column": 2 },
        "end": { "line": 123, "column": 3 }
      },
      "52": {
        "start": { "line": 120, "column": 4 },
        "end": { "line": 122, "column": 5 }
      },
      "53": {
        "start": { "line": 121, "column": 6 },
        "end": { "line": 121, "column": 25 }
      },
      "54": {
        "start": { "line": 126, "column": 26 },
        "end": { "line": 143, "column": 1 }
      },
      "55": {
        "start": { "line": 127, "column": 21 },
        "end": { "line": 127, "column": 38 }
      },
      "56": {
        "start": { "line": 128, "column": 2 },
        "end": { "line": 128, "column": 43 }
      },
      "57": {
        "start": { "line": 131, "column": 13 },
        "end": { "line": 131, "column": 40 }
      },
      "58": {
        "start": { "line": 132, "column": 28 },
        "end": { "line": 132, "column": 54 }
      },
      "59": {
        "start": { "line": 133, "column": 2 },
        "end": { "line": 135, "column": 3 }
      },
      "60": {
        "start": { "line": 134, "column": 4 },
        "end": { "line": 134, "column": 22 }
      },
      "61": {
        "start": { "line": 137, "column": 2 },
        "end": { "line": 141, "column": 3 }
      },
      "62": {
        "start": { "line": 138, "column": 4 },
        "end": { "line": 140, "column": 6 }
      },
      "63": {
        "start": { "line": 142, "column": 2 },
        "end": { "line": 142, "column": 25 }
      },
      "64": {
        "start": { "line": 146, "column": 28 },
        "end": { "line": 159, "column": 1 }
      },
      "65": {
        "start": { "line": 147, "column": 2 },
        "end": { "line": 149, "column": 3 }
      },
      "66": {
        "start": { "line": 148, "column": 4 },
        "end": { "line": 148, "column": 26 }
      },
      "67": {
        "start": { "line": 150, "column": 2 },
        "end": { "line": 150, "column": 75 }
      },
      "68": {
        "start": { "line": 151, "column": 14 },
        "end": { "line": 151, "column": 35 }
      },
      "69": {
        "start": { "line": 152, "column": 17 },
        "end": { "line": 152, "column": 63 }
      },
      "70": {
        "start": { "line": 153, "column": 2 },
        "end": { "line": 155, "column": 3 }
      },
      "71": {
        "start": { "line": 154, "column": 4 },
        "end": { "line": 154, "column": 76 }
      },
      "72": {
        "start": { "line": 156, "column": 2 },
        "end": { "line": 156, "column": 59 }
      },
      "73": {
        "start": { "line": 157, "column": 2 },
        "end": { "line": 157, "column": 37 }
      },
      "74": {
        "start": { "line": 158, "column": 2 },
        "end": { "line": 158, "column": 27 }
      },
      "75": {
        "start": { "line": 161, "column": 27 },
        "end": { "line": 252, "column": 1 }
      },
      "76": {
        "start": { "line": 162, "column": 2 },
        "end": { "line": 162, "column": 49 }
      },
      "77": {
        "start": { "line": 164, "column": 2 },
        "end": { "line": 164, "column": 33 }
      },
      "78": {
        "start": { "line": 166, "column": 21 },
        "end": { "line": 166, "column": 40 }
      },
      "79": {
        "start": { "line": 167, "column": 30 },
        "end": { "line": 167, "column": 32 }
      },
      "80": {
        "start": { "line": 168, "column": 41 },
        "end": { "line": 171, "column": 4 }
      },
      "81": {
        "start": { "line": 172, "column": 20 },
        "end": { "line": 172, "column": 47 }
      },
      "82": {
        "start": { "line": 173, "column": 2 },
        "end": { "line": 175, "column": 3 }
      },
      "83": {
        "start": { "line": 174, "column": 4 },
        "end": { "line": 174, "column": 46 }
      },
      "84": {
        "start": { "line": 177, "column": 14 },
        "end": { "line": 177, "column": 51 }
      },
      "85": {
        "start": { "line": 178, "column": 17 },
        "end": { "line": 178, "column": 61 }
      },
      "86": {
        "start": { "line": 180, "column": 2 },
        "end": { "line": 183, "column": 3 }
      },
      "87": {
        "start": { "line": 181, "column": 4 },
        "end": { "line": 181, "column": 53 }
      },
      "88": {
        "start": { "line": 182, "column": 4 },
        "end": { "line": 182, "column": 14 }
      },
      "89": {
        "start": { "line": 185, "column": 15 },
        "end": { "line": 185, "column": 34 }
      },
      "90": {
        "start": { "line": 188, "column": 2 },
        "end": { "line": 188, "column": 28 }
      },
      "91": {
        "start": { "line": 191, "column": 2 },
        "end": { "line": 197, "column": 3 }
      },
      "92": {
        "start": { "line": 192, "column": 22 },
        "end": { "line": 192, "column": 35 }
      },
      "93": {
        "start": { "line": 193, "column": 4 },
        "end": { "line": 196, "column": 5 }
      },
      "94": {
        "start": { "line": 195, "column": 6 },
        "end": { "line": 195, "column": 57 }
      },
      "95": {
        "start": { "line": 200, "column": 2 },
        "end": { "line": 205, "column": 5 }
      },
      "96": {
        "start": { "line": 201, "column": 4 },
        "end": { "line": 203, "column": 5 }
      },
      "97": {
        "start": { "line": 202, "column": 6 },
        "end": { "line": 202, "column": 19 }
      },
      "98": {
        "start": { "line": 204, "column": 4 },
        "end": { "line": 204, "column": 16 }
      },
      "99": {
        "start": { "line": 207, "column": 26 },
        "end": { "line": 207, "column": 39 }
      },
      "100": {
        "start": { "line": 208, "column": 2 },
        "end": { "line": 208, "column": 52 }
      },
      "101": {
        "start": { "line": 211, "column": 2 },
        "end": { "line": 223, "column": 5 }
      },
      "102": {
        "start": { "line": 212, "column": 4 },
        "end": { "line": 221, "column": 5 }
      },
      "103": {
        "start": { "line": 216, "column": 25 },
        "end": { "line": 218, "column": null }
      },
      "104": {
        "start": { "line": 220, "column": 6 },
        "end": { "line": 220, "column": 41 }
      },
      "105": {
        "start": { "line": 222, "column": 4 },
        "end": { "line": 222, "column": 16 }
      },
      "106": {
        "start": { "line": 225, "column": 27 },
        "end": { "line": 225, "column": 40 }
      },
      "107": {
        "start": { "line": 226, "column": 25 },
        "end": { "line": 226, "column": 59 }
      },
      "108": {
        "start": { "line": 227, "column": 2 },
        "end": { "line": 231, "column": 3 }
      },
      "109": {
        "start": { "line": 228, "column": 4 },
        "end": { "line": 230, "column": 6 }
      },
      "110": {
        "start": { "line": 234, "column": 25 },
        "end": { "line": 234, "column": 38 }
      },
      "111": {
        "start": { "line": 235, "column": 2 },
        "end": { "line": 243, "column": 5 }
      },
      "112": {
        "start": { "line": 236, "column": 21 },
        "end": { "line": 236, "column": 39 }
      },
      "113": {
        "start": { "line": 237, "column": 4 },
        "end": { "line": 239, "column": 5 }
      },
      "114": {
        "start": { "line": 238, "column": 6 },
        "end": { "line": 238, "column": 19 }
      },
      "115": {
        "start": { "line": 241, "column": 4 },
        "end": { "line": 241, "column": 43 }
      },
      "116": {
        "start": { "line": 242, "column": 4 },
        "end": { "line": 242, "column": 16 }
      },
      "117": {
        "start": { "line": 245, "column": 26 },
        "end": { "line": 245, "column": 39 }
      },
      "118": {
        "start": { "line": 246, "column": 29 },
        "end": { "line": 246, "column": 61 }
      },
      "119": {
        "start": { "line": 247, "column": 2 },
        "end": { "line": 249, "column": 3 }
      },
      "120": {
        "start": { "line": 248, "column": 4 },
        "end": { "line": 248, "column": 62 }
      },
      "121": {
        "start": { "line": 251, "column": 2 },
        "end": { "line": 251, "column": 16 }
      },
      "122": {
        "start": { "line": 161, "column": 13 },
        "end": { "line": 161, "column": 27 }
      }
    },
    "fnMap": {
      "0": {
        "name": "(anonymous_0)",
        "decl": {
          "start": { "line": 38, "column": 17 },
          "end": { "line": 38, "column": 20 }
        },
        "loc": {
          "start": { "line": 38, "column": 23 },
          "end": { "line": 38, "column": 72 }
        }
      },
      "1": {
        "name": "(anonymous_1)",
        "decl": {
          "start": { "line": 39, "column": 13 },
          "end": { "line": 39, "column": 16 }
        },
        "loc": {
          "start": { "line": 39, "column": 19 },
          "end": { "line": 39, "column": 70 }
        }
      },
      "2": {
        "name": "(anonymous_2)",
        "decl": {
          "start": { "line": 40, "column": 15 },
          "end": { "line": 40, "column": 18 }
        },
        "loc": {
          "start": { "line": 40, "column": 21 },
          "end": { "line": 40, "column": 77 }
        }
      },
      "3": {
        "name": "(anonymous_3)",
        "decl": {
          "start": { "line": 41, "column": 14 },
          "end": { "line": 41, "column": 15 }
        },
        "loc": {
          "start": { "line": 41, "column": 35 },
          "end": { "line": 41, "column": 70 }
        }
      },
      "4": {
        "name": "(anonymous_4)",
        "decl": {
          "start": { "line": 42, "column": 10 },
          "end": { "line": 42, "column": 11 }
        },
        "loc": {
          "start": { "line": 43, "column": 4 },
          "end": { "line": 43, "column": 76 }
        }
      },
      "5": {
        "name": "(anonymous_5)",
        "decl": {
          "start": { "line": 56, "column": 26 },
          "end": { "line": 56, "column": 31 }
        },
        "loc": {
          "start": { "line": 58, "column": 28 },
          "end": { "line": 77, "column": 1 }
        }
      },
      "6": {
        "name": "(anonymous_6)",
        "decl": {
          "start": { "line": 86, "column": 23 },
          "end": { "line": 86, "column": 24 }
        },
        "loc": {
          "start": { "line": 87, "column": 2 },
          "end": { "line": 87, "column": 41 }
        }
      },
      "7": {
        "name": "(anonymous_7)",
        "decl": {
          "start": { "line": 88, "column": 24 },
          "end": { "line": 88, "column": 29 }
        },
        "loc": {
          "start": { "line": 88, "column": 50 },
          "end": { "line": 98, "column": 1 }
        }
      },
      "8": {
        "name": "(anonymous_8)",
        "decl": {
          "start": { "line": 100, "column": 21 },
          "end": { "line": 100, "column": 26 }
        },
        "loc": {
          "start": { "line": 102, "column": 41 },
          "end": { "line": 106, "column": 1 }
        }
      },
      "9": {
        "name": "(anonymous_9)",
        "decl": {
          "start": { "line": 118, "column": 37 },
          "end": { "line": 118, "column": 38 }
        },
        "loc": {
          "start": { "line": 118, "column": 58 },
          "end": { "line": 124, "column": 1 }
        }
      },
      "10": {
        "name": "(anonymous_10)",
        "decl": {
          "start": { "line": 126, "column": 26 },
          "end": { "line": 126, "column": 39 }
        },
        "loc": {
          "start": { "line": 126, "column": 41 },
          "end": { "line": 143, "column": 1 }
        }
      },
      "11": {
        "name": "(anonymous_11)",
        "decl": {
          "start": { "line": 146, "column": 28 },
          "end": { "line": 146, "column": 33 }
        },
        "loc": {
          "start": { "line": 146, "column": 71 },
          "end": { "line": 159, "column": 1 }
        }
      },
      "12": {
        "name": "(anonymous_12)",
        "decl": {
          "start": { "line": 161, "column": 27 },
          "end": { "line": 161, "column": 32 }
        },
        "loc": {
          "start": { "line": 161, "column": 68 },
          "end": { "line": 252, "column": 1 }
        }
      },
      "13": {
        "name": "(anonymous_13)",
        "decl": {
          "start": { "line": 200, "column": 25 },
          "end": { "line": 200, "column": 26 }
        },
        "loc": {
          "start": { "line": 200, "column": 35 },
          "end": { "line": 205, "column": 3 }
        }
      },
      "14": {
        "name": "(anonymous_14)",
        "decl": {
          "start": { "line": 211, "column": 25 },
          "end": { "line": 211, "column": 26 }
        },
        "loc": {
          "start": { "line": 211, "column": 35 },
          "end": { "line": 223, "column": 3 }
        }
      },
      "15": {
        "name": "(anonymous_15)",
        "decl": {
          "start": { "line": 235, "column": 25 },
          "end": { "line": 235, "column": 26 }
        },
        "loc": {
          "start": { "line": 235, "column": 35 },
          "end": { "line": 243, "column": 3 }
        }
      }
    },
    "branchMap": {
      "0": {
        "loc": {
          "start": { "line": 25, "column": 0 },
          "end": { "line": 28, "column": 1 }
        },
        "type": "if",
        "locations": [
          {
            "start": { "line": 25, "column": 0 },
            "end": { "line": 28, "column": 1 }
          },
          { "start": {}, "end": {} }
        ]
      },
      "1": {
        "loc": {
          "start": { "line": 48, "column": 19 },
          "end": { "line": 48, "column": 42 }
        },
        "type": "binary-expr",
        "locations": [
          {
            "start": { "line": 48, "column": 19 },
            "end": { "line": 48, "column": 36 }
          },
          {
            "start": { "line": 48, "column": 40 },
            "end": { "line": 48, "column": 42 }
          }
        ]
      },
      "2": {
        "loc": {
          "start": { "line": 61, "column": 4 },
          "end": { "line": 67, "column": 5 }
        },
        "type": "if",
        "locations": [
          {
            "start": { "line": 61, "column": 4 },
            "end": { "line": 67, "column": 5 }
          },
          { "start": {}, "end": {} }
        ]
      },
      "3": {
        "loc": {
          "start": { "line": 64, "column": 8 },
          "end": { "line": 64, "column": 77 }
        },
        "type": "cond-expr",
        "locations": [
          {
            "start": { "line": 64, "column": 44 },
            "end": { "line": 64, "column": 65 }
          },
          {
            "start": { "line": 64, "column": 68 },
            "end": { "line": 64, "column": 77 }
          }
        ]
      },
      "4": {
        "loc": {
          "start": { "line": 72, "column": 6 },
          "end": { "line": 74, "column": 23 }
        },
        "type": "cond-expr",
        "locations": [
          {
            "start": { "line": 73, "column": 11 },
            "end": { "line": 73, "column": 48 }
          },
          {
            "start": { "line": 74, "column": 10 },
            "end": { "line": 74, "column": 23 }
          }
        ]
      },
      "5": {
        "loc": {
          "start": { "line": 87, "column": 2 },
          "end": { "line": 87, "column": 41 }
        },
        "type": "cond-expr",
        "locations": [
          {
            "start": { "line": 87, "column": 16 },
            "end": { "line": 87, "column": 34 }
          },
          {
            "start": { "line": 87, "column": 37 },
            "end": { "line": 87, "column": 41 }
          }
        ]
      },
      "6": {
        "loc": {
          "start": { "line": 90, "column": 2 },
          "end": { "line": 92, "column": 3 }
        },
        "type": "if",
        "locations": [
          {
            "start": { "line": 90, "column": 2 },
            "end": { "line": 92, "column": 3 }
          },
          { "start": {}, "end": {} }
        ]
      },
      "7": {
        "loc": {
          "start": { "line": 95, "column": 22 },
          "end": { "line": 95, "column": 45 }
        },
        "type": "binary-expr",
        "locations": [
          {
            "start": { "line": 95, "column": 22 },
            "end": { "line": 95, "column": 39 }
          },
          {
            "start": { "line": 95, "column": 43 },
            "end": { "line": 95, "column": 45 }
          }
        ]
      },
      "8": {
        "loc": {
          "start": { "line": 137, "column": 2 },
          "end": { "line": 141, "column": 3 }
        },
        "type": "if",
        "locations": [
          {
            "start": { "line": 137, "column": 2 },
            "end": { "line": 141, "column": 3 }
          },
          { "start": {}, "end": {} }
        ]
      },
      "9": {
        "loc": {
          "start": { "line": 147, "column": 2 },
          "end": { "line": 149, "column": 3 }
        },
        "type": "if",
        "locations": [
          {
            "start": { "line": 147, "column": 2 },
            "end": { "line": 149, "column": 3 }
          },
          { "start": {}, "end": {} }
        ]
      },
      "10": {
        "loc": {
          "start": { "line": 153, "column": 2 },
          "end": { "line": 155, "column": 3 }
        },
        "type": "if",
        "locations": [
          {
            "start": { "line": 153, "column": 2 },
            "end": { "line": 155, "column": 3 }
          },
          { "start": {}, "end": {} }
        ]
      },
      "11": {
        "loc": {
          "start": { "line": 162, "column": 28 },
          "end": { "line": 162, "column": 47 }
        },
        "type": "binary-expr",
        "locations": [
          {
            "start": { "line": 162, "column": 28 },
            "end": { "line": 162, "column": 41 }
          },
          {
            "start": { "line": 162, "column": 45 },
            "end": { "line": 162, "column": 47 }
          }
        ]
      },
      "12": {
        "loc": {
          "start": { "line": 169, "column": 12 },
          "end": { "line": 169, "column": 46 }
        },
        "type": "binary-expr",
        "locations": [
          {
            "start": { "line": 169, "column": 12 },
            "end": { "line": 169, "column": 23 }
          },
          {
            "start": { "line": 169, "column": 27 },
            "end": { "line": 169, "column": 46 }
          }
        ]
      },
      "13": {
        "loc": {
          "start": { "line": 180, "column": 2 },
          "end": { "line": 183, "column": 3 }
        },
        "type": "if",
        "locations": [
          {
            "start": { "line": 180, "column": 2 },
            "end": { "line": 183, "column": 3 }
          },
          { "start": {}, "end": {} }
        ]
      },
      "14": {
        "loc": {
          "start": { "line": 191, "column": 2 },
          "end": { "line": 197, "column": 3 }
        },
        "type": "if",
        "locations": [
          {
            "start": { "line": 191, "column": 2 },
            "end": { "line": 197, "column": 3 }
          },
          { "start": {}, "end": {} }
        ]
      },
      "15": {
        "loc": {
          "start": { "line": 193, "column": 4 },
          "end": { "line": 196, "column": 5 }
        },
        "type": "if",
        "locations": [
          {
            "start": { "line": 193, "column": 4 },
            "end": { "line": 196, "column": 5 }
          },
          { "start": {}, "end": {} }
        ]
      },
      "16": {
        "loc": {
          "start": { "line": 201, "column": 4 },
          "end": { "line": 203, "column": 5 }
        },
        "type": "if",
        "locations": [
          {
            "start": { "line": 201, "column": 4 },
            "end": { "line": 203, "column": 5 }
          },
          { "start": {}, "end": {} }
        ]
      },
      "17": {
        "loc": {
          "start": { "line": 201, "column": 8 },
          "end": { "line": 201, "column": 74 }
        },
        "type": "binary-expr",
        "locations": [
          {
            "start": { "line": 201, "column": 8 },
            "end": { "line": 201, "column": 46 }
          },
          {
            "start": { "line": 201, "column": 50 },
            "end": { "line": 201, "column": 74 }
          }
        ]
      },
      "18": {
        "loc": {
          "start": { "line": 212, "column": 4 },
          "end": { "line": 221, "column": 5 }
        },
        "type": "if",
        "locations": [
          {
            "start": { "line": 212, "column": 4 },
            "end": { "line": 221, "column": 5 }
          },
          { "start": {}, "end": {} }
        ]
      },
      "19": {
        "loc": {
          "start": { "line": 213, "column": 6 },
          "end": { "line": 214, "column": 38 }
        },
        "type": "binary-expr",
        "locations": [
          {
            "start": { "line": 213, "column": 6 },
            "end": { "line": 213, "column": 41 }
          },
          {
            "start": { "line": 214, "column": 6 },
            "end": { "line": 214, "column": 38 }
          }
        ]
      },
      "20": {
        "loc": {
          "start": { "line": 227, "column": 2 },
          "end": { "line": 231, "column": 3 }
        },
        "type": "if",
        "locations": [
          {
            "start": { "line": 227, "column": 2 },
            "end": { "line": 231, "column": 3 }
          },
          { "start": {}, "end": {} }
        ]
      },
      "21": {
        "loc": {
          "start": { "line": 237, "column": 4 },
          "end": { "line": 239, "column": 5 }
        },
        "type": "if",
        "locations": [
          {
            "start": { "line": 237, "column": 4 },
            "end": { "line": 239, "column": 5 }
          },
          { "start": {}, "end": {} }
        ]
      },
      "22": {
        "loc": {
          "start": { "line": 247, "column": 2 },
          "end": { "line": 249, "column": 3 }
        },
        "type": "if",
        "locations": [
          {
            "start": { "line": 247, "column": 2 },
            "end": { "line": 249, "column": 3 }
          },
          { "start": {}, "end": {} }
        ]
      }
    },
    "s": {
      "0": 2,
      "1": 2,
      "2": 2,
      "3": 2,
      "4": 2,
      "5": 2,
      "6": 2,
      "7": 2,
      "8": 2,
      "9": 2,
      "10": 2,
      "11": 0,
      "12": 0,
      "13": 2,
      "14": 2,
      "15": 2,
      "16": 0,
      "17": 0,
      "18": 0,
      "19": 0,
      "20": 0,
      "21": 2,
      "22": 0,
      "23": 0,
      "24": 0,
      "25": 0,
      "26": 0,
      "27": 0,
      "28": 0,
      "29": 0,
      "30": 0,
      "31": 2,
      "32": 2,
      "33": 2,
      "34": 2,
      "35": 0,
      "36": 2,
      "37": 0,
      "38": 0,
      "39": 0,
      "40": 0,
      "41": 0,
      "42": 0,
      "43": 0,
      "44": 2,
      "45": 2,
      "46": 0,
      "47": 0,
      "48": 0,
      "49": 2,
      "50": 2,
      "51": 0,
      "52": 0,
      "53": 0,
      "54": 2,
      "55": 0,
      "56": 0,
      "57": 0,
      "58": 0,
      "59": 0,
      "60": 0,
      "61": 0,
      "62": 0,
      "63": 0,
      "64": 2,
      "65": 0,
      "66": 0,
      "67": 0,
      "68": 0,
      "69": 0,
      "70": 0,
      "71": 0,
      "72": 0,
      "73": 0,
      "74": 0,
      "75": 2,
      "76": 0,
      "77": 0,
      "78": 0,
      "79": 0,
      "80": 0,
      "81": 0,
      "82": 0,
      "83": 0,
      "84": 0,
      "85": 0,
      "86": 0,
      "87": 0,
      "88": 0,
      "89": 0,
      "90": 0,
      "91": 0,
      "92": 0,
      "93": 0,
      "94": 0,
      "95": 0,
      "96": 0,
      "97": 0,
      "98": 0,
      "99": 0,
      "100": 0,
      "101": 0,
      "102": 0,
      "103": 0,
      "104": 0,
      "105": 0,
      "106": 0,
      "107": 0,
      "108": 0,
      "109": 0,
      "110": 0,
      "111": 0,
      "112": 0,
      "113": 0,
      "114": 0,
      "115": 0,
      "116": 0,
      "117": 0,
      "118": 0,
      "119": 0,
      "120": 0,
      "121": 0,
      "122": 2
    },
    "f": {
      "0": 0,
      "1": 0,
      "2": 0,
      "3": 0,
      "4": 0,
      "5": 0,
      "6": 0,
      "7": 0,
      "8": 0,
      "9": 0,
      "10": 0,
      "11": 0,
      "12": 0,
      "13": 0,
      "14": 0,
      "15": 0
    },
    "b": {
      "0": [0, 2],
      "1": [2, 2],
      "2": [0, 0],
      "3": [0, 0],
      "4": [0, 0],
      "5": [0, 0],
      "6": [0, 0],
      "7": [0, 0],
      "8": [0, 0],
      "9": [0, 0],
      "10": [0, 0],
      "11": [0, 0],
      "12": [0, 0],
      "13": [0, 0],
      "14": [0, 0],
      "15": [0, 0],
      "16": [0, 0],
      "17": [0, 0],
      "18": [0, 0],
      "19": [0, 0],
      "20": [0, 0],
      "21": [0, 0],
      "22": [0, 0]
    }
  },
  "/Users/rg/dev/opensea-activity-bot/src/types.ts": {
    "path": "/Users/rg/dev/opensea-activity-bot/src/types.ts",
    "statementMap": {
      "0": {
        "start": { "line": 3, "column": 13 },
        "end": { "line": 10, "column": 11 }
      },
      "1": {
        "start": { "line": 14, "column": 13 },
        "end": { "line": 21, "column": 41 }
      },
      "2": {
        "start": { "line": 23, "column": 13 },
        "end": { "line": 23, "column": 70 }
      }
    },
    "fnMap": {},
    "branchMap": {},
    "s": { "0": 11, "1": 11, "2": 11 },
    "f": {},
    "b": {}
  },
  "/Users/rg/dev/opensea-activity-bot/src/platforms/discord.ts": {
    "path": "/Users/rg/dev/opensea-activity-bot/src/platforms/discord.ts",
    "statementMap": {
      "0": {
        "start": { "line": 426, "column": 0 },
        "end": { "line": 426, "column": 7 }
      },
      "1": {
        "start": { "line": 1, "column": 0 },
        "end": { "line": 1, "column": null }
      },
      "2": {
        "start": { "line": 8, "column": 0 },
        "end": { "line": 8, "column": 36 }
      },
      "3": {
        "start": { "line": 9, "column": 0 },
        "end": { "line": 9, "column": 58 }
      },
      "4": {
        "start": { "line": 10, "column": 0 },
        "end": { "line": 10, "column": 60 }
      },
      "5": {
        "start": { "line": 12, "column": 0 },
        "end": { "line": 12, "column": 61 }
      },
      "6": {
        "start": { "line": 13, "column": 0 },
        "end": { "line": 13, "column": 49 }
      },
      "7": {
        "start": { "line": 14, "column": 0 },
        "end": { "line": 14, "column": null }
      },
      "8": {
        "start": { "line": 21, "column": 0 },
        "end": { "line": 21, "column": 68 }
      },
      "9": {
        "start": { "line": 23, "column": 12 },
        "end": { "line": 23, "column": 37 }
      },
      "10": {
        "start": { "line": 26, "column": 20 },
        "end": { "line": 26, "column": 52 }
      },
      "11": {
        "start": { "line": 27, "column": 21 },
        "end": { "line": 27, "column": 50 }
      },
      "12": {
        "start": { "line": 33, "column": 34 },
        "end": { "line": 55, "column": 1 }
      },
      "13": {
        "start": { "line": 34, "column": 25 },
        "end": { "line": 34, "column": 51 }
      },
      "14": {
        "start": { "line": 35, "column": 2 },
        "end": { "line": 37, "column": 3 }
      },
      "15": {
        "start": { "line": 36, "column": 4 },
        "end": { "line": 36, "column": 14 }
      },
      "16": {
        "start": { "line": 39, "column": 30 },
        "end": { "line": 39, "column": 32 }
      },
      "17": {
        "start": { "line": 40, "column": 2 },
        "end": { "line": 52, "column": 3 }
      },
      "18": {
        "start": { "line": 41, "column": 30 },
        "end": { "line": 41, "column": 48 }
      },
      "19": {
        "start": { "line": 42, "column": 22 },
        "end": { "line": 42, "column": 42 }
      },
      "20": {
        "start": { "line": 43, "column": 23 },
        "end": { "line": 43, "column": 54 }
      },
      "21": {
        "start": { "line": 44, "column": 4 },
        "end": { "line": 50, "column": 5 }
      },
      "22": {
        "start": { "line": 49, "column": 6 },
        "end": { "line": 49, "column": 39 }
      },
      "23": {
        "start": { "line": 51, "column": 4 },
        "end": { "line": 51, "column": 78 }
      },
      "24": {
        "start": { "line": 54, "column": 2 },
        "end": { "line": 54, "column": 14 }
      },
      "25": {
        "start": { "line": 33, "column": 13 },
        "end": { "line": 33, "column": 34 }
      },
      "26": {
        "start": { "line": 58, "column": 30 },
        "end": { "line": 58, "column": 51 }
      },
      "27": {
        "start": { "line": 60, "column": 29 },
        "end": { "line": 74, "column": 1 }
      },
      "28": {
        "start": { "line": 65, "column": 24 },
        "end": { "line": 65, "column": 52 }
      },
      "29": {
        "start": { "line": 66, "column": 39 },
        "end": { "line": 66, "column": 41 }
      },
      "30": {
        "start": { "line": 67, "column": 2 },
        "end": { "line": 72, "column": 3 }
      },
      "31": {
        "start": { "line": 68, "column": 4 },
        "end": { "line": 71, "column": 5 }
      },
      "32": {
        "start": { "line": 69, "column": 22 },
        "end": { "line": 69, "column": 48 }
      },
      "33": {
        "start": { "line": 70, "column": 6 },
        "end": { "line": 70, "column": 29 }
      },
      "34": {
        "start": { "line": 73, "column": 2 },
        "end": { "line": 73, "column": 18 }
      },
      "35": {
        "start": { "line": 76, "column": 0 },
        "end": { "line": 76, "column": 53 }
      },
      "36": {
        "start": { "line": 78, "column": 17 },
        "end": { "line": 79, "column": 37 }
      },
      "37": {
        "start": { "line": 79, "column": 2 },
        "end": { "line": 79, "column": 37 }
      },
      "38": {
        "start": { "line": 83, "column": 24 },
        "end": { "line": 128, "column": 1 }
      },
      "39": {
        "start": { "line": 86, "column": 68 },
        "end": { "line": 86, "column": null }
      },
      "40": {
        "start": { "line": 93, "column": 26 },
        "end": { "line": 93, "column": 28 }
      },
      "41": {
        "start": { "line": 94, "column": 14 },
        "end": { "line": 94, "column": 16 }
      },
      "42": {
        "start": { "line": 95, "column": 41 },
        "end": { "line": 95, "column": 48 }
      },
      "43": {
        "start": { "line": 96, "column": 24 },
        "end": { "line": 96, "column": 28 }
      },
      "44": {
        "start": { "line": 97, "column": 17 },
        "end": { "line": 97, "column": 66 }
      },
      "45": {
        "start": { "line": 98, "column": 2 },
        "end": { "line": 125, "column": 3 }
      },
      "46": {
        "start": { "line": 99, "column": 4 },
        "end": { "line": 99, "column": 24 }
      },
      "47": {
        "start": { "line": 100, "column": 18 },
        "end": { "line": 100, "column": 58 }
      },
      "48": {
        "start": { "line": 101, "column": 4 },
        "end": { "line": 101, "column": 58 }
      },
      "49": {
        "start": { "line": 102, "column": 4 },
        "end": { "line": 102, "column": 49 }
      },
      "50": {
        "start": { "line": 103, "column": 9 },
        "end": { "line": 125, "column": 3 }
      },
      "51": {
        "start": { "line": 104, "column": 22 },
        "end": { "line": 104, "column": 41 }
      },
      "52": {
        "start": { "line": 105, "column": 23 },
        "end": { "line": 105, "column": 43 }
      },
      "53": {
        "start": { "line": 106, "column": 4 },
        "end": { "line": 106, "column": 58 }
      },
      "54": {
        "start": { "line": 107, "column": 18 },
        "end": { "line": 107, "column": 58 }
      },
      "55": {
        "start": { "line": 108, "column": 4 },
        "end": { "line": 108, "column": 49 }
      },
      "56": {
        "start": { "line": 109, "column": 4 },
        "end": { "line": 109, "column": 52 }
      },
      "57": {
        "start": { "line": 110, "column": 9 },
        "end": { "line": 125, "column": 3 }
      },
      "58": {
        "start": { "line": 111, "column": 4 },
        "end": { "line": 111, "column": 27 }
      },
      "59": {
        "start": { "line": 112, "column": 18 },
        "end": { "line": 112, "column": 58 }
      },
      "60": {
        "start": { "line": 113, "column": 4 },
        "end": { "line": 113, "column": 49 }
      },
      "61": {
        "start": { "line": 114, "column": 4 },
        "end": { "line": 114, "column": 52 }
      },
      "62": {
        "start": { "line": 115, "column": 9 },
        "end": { "line": 125, "column": 3 }
      },
      "63": {
        "start": { "line": 116, "column": 4 },
        "end": { "line": 116, "column": 32 }
      },
      "64": {
        "start": { "line": 117, "column": 18 },
        "end": { "line": 117, "column": 58 }
      },
      "65": {
        "start": { "line": 118, "column": 4 },
        "end": { "line": 118, "column": 49 }
      },
      "66": {
        "start": { "line": 119, "column": 4 },
        "end": { "line": 119, "column": 52 }
      },
      "67": {
        "start": { "line": 121, "column": 4 },
        "end": { "line": 121, "column": 32 }
      },
      "68": {
        "start": { "line": 122, "column": 18 },
        "end": { "line": 122, "column": 58 }
      },
      "69": {
        "start": { "line": 123, "column": 4 },
        "end": { "line": 123, "column": 49 }
      },
      "70": {
        "start": { "line": 124, "column": 4 },
        "end": { "line": 124, "column": 52 }
      },
      "71": {
        "start": { "line": 126, "column": 2 },
        "end": { "line": 126, "column": 60 }
      },
      "72": {
        "start": { "line": 127, "column": 2 },
        "end": { "line": 127, "column": 27 }
      },
      "73": {
        "start": { "line": 130, "column": 23 },
        "end": { "line": 143, "column": 1 }
      },
      "74": {
        "start": { "line": 133, "column": 29 },
        "end": { "line": 133, "column": null }
      },
      "75": {
        "start": { "line": 137, "column": 26 },
        "end": { "line": 137, "column": 28 }
      },
      "76": {
        "start": { "line": 138, "column": 41 },
        "end": { "line": 138, "column": 48 }
      },
      "77": {
        "start": { "line": 139, "column": 16 },
        "end": { "line": 139, "column": 56 }
      },
      "78": {
        "start": { "line": 140, "column": 2 },
        "end": { "line": 140, "column": 47 }
      },
      "79": {
        "start": { "line": 141, "column": 2 },
        "end": { "line": 141, "column": 60 }
      },
      "80": {
        "start": { "line": 142, "column": 2 },
        "end": { "line": 142, "column": 41 }
      },
      "81": {
        "start": { "line": 145, "column": 27 },
        "end": { "line": 176, "column": 1 }
      },
      "82": {
        "start": { "line": 148, "column": 39 },
        "end": { "line": 148, "column": null }
      },
      "83": {
        "start": { "line": 152, "column": 15 },
        "end": { "line": 163, "column": 6 }
      },
      "84": {
        "start": { "line": 153, "column": 17 },
        "end": { "line": 154, "column": null }
      },
      "85": {
        "start": { "line": 156, "column": 4 },
        "end": { "line": 158, "column": 5 }
      },
      "86": {
        "start": { "line": 157, "column": 6 },
        "end": { "line": 157, "column": 20 }
      },
      "87": {
        "start": { "line": 159, "column": 4 },
        "end": { "line": 161, "column": 5 }
      },
      "88": {
        "start": { "line": 160, "column": 6 },
        "end": { "line": 160, "column": 20 }
      },
      "89": {
        "start": { "line": 162, "column": 4 },
        "end": { "line": 162, "column": 22 }
      },
      "90": {
        "start": { "line": 164, "column": 26 },
        "end": { "line": 164, "column": 28 }
      },
      "91": {
        "start": { "line": 165, "column": 2 },
        "end": { "line": 168, "column": 3 }
      },
      "92": {
        "start": { "line": 166, "column": 4 },
        "end": { "line": 166, "column": 67 }
      },
      "93": {
        "start": { "line": 167, "column": 4 },
        "end": { "line": 167, "column": 40 }
      },
      "94": {
        "start": { "line": 169, "column": 2 },
        "end": { "line": 172, "column": 3 }
      },
      "95": {
        "start": { "line": 170, "column": 4 },
        "end": { "line": 170, "column": 71 }
      },
      "96": {
        "start": { "line": 171, "column": 4 },
        "end": { "line": 171, "column": 40 }
      },
      "97": {
        "start": { "line": 173, "column": 2 },
        "end": { "line": 173, "column": 69 }
      },
      "98": {
        "start": { "line": 174, "column": 2 },
        "end": { "line": 174, "column": 65 }
      },
      "99": {
        "start": { "line": 175, "column": 2 },
        "end": { "line": 175, "column": 43 }
      },
      "100": {
        "start": { "line": 178, "column": 14 },
        "end": { "line": 229, "column": 1 }
      },
      "101": {
        "start": { "line": 179, "column": 44 },
        "end": { "line": 179, "column": null }
      },
      "102": {
        "start": { "line": 185, "column": 16 },
        "end": { "line": 185, "column": 21 }
      },
      "103": {
        "start": { "line": 186, "column": 2 },
        "end": { "line": 188, "column": 3 }
      },
      "104": {
        "start": { "line": 187, "column": 4 },
        "end": { "line": 187, "column": 16 }
      },
      "105": {
        "start": { "line": 189, "column": 24 },
        "end": { "line": 189, "column": 26 }
      },
      "106": {
        "start": { "line": 190, "column": 14 },
        "end": { "line": 190, "column": 16 }
      },
      "107": {
        "start": { "line": 191, "column": 2 },
        "end": { "line": 197, "column": 3 }
      },
      "108": {
        "start": { "line": 192, "column": 4 },
        "end": { "line": 192, "column": 55 }
      },
      "109": {
        "start": { "line": 193, "column": 9 },
        "end": { "line": 197, "column": 3 }
      },
      "110": {
        "start": { "line": 194, "column": 4 },
        "end": { "line": 194, "column": 54 }
      },
      "111": {
        "start": { "line": 195, "column": 9 },
        "end": { "line": 197, "column": 3 }
      },
      "112": {
        "start": { "line": 196, "column": 4 },
        "end": { "line": 196, "column": 58 }
      },
      "113": {
        "start": { "line": 199, "column": 2 },
        "end": { "line": 201, "column": 3 }
      },
      "114": {
        "start": { "line": 200, "column": 4 },
        "end": { "line": 200, "column": 28 }
      },
      "115": {
        "start": { "line": 203, "column": 16 },
        "end": { "line": 215, "column": null }
      },
      "116": {
        "start": { "line": 213, "column": 8 },
        "end": { "line": 213, "column": 24 }
      },
      "117": {
        "start": { "line": 214, "column": 8 },
        "end": { "line": 214, "column": 17 }
      },
      "118": {
        "start": { "line": 218, "column": 2 },
        "end": { "line": 226, "column": 3 }
      },
      "119": {
        "start": { "line": 219, "column": 4 },
        "end": { "line": 219, "column": 42 }
      },
      "120": {
        "start": { "line": 220, "column": 18 },
        "end": { "line": 220, "column": 34 }
      },
      "121": {
        "start": { "line": 221, "column": 4 },
        "end": { "line": 223, "column": 5 }
      },
      "122": {
        "start": { "line": 222, "column": 6 },
        "end": { "line": 222, "column": 36 }
      },
      "123": {
        "start": { "line": 225, "column": 4 },
        "end": { "line": 225, "column": 42 }
      },
      "124": {
        "start": { "line": 228, "column": 2 },
        "end": { "line": 228, "column": 15 }
      },
      "125": {
        "start": { "line": 231, "column": 24 },
        "end": { "line": 305, "column": 1 }
      },
      "126": {
        "start": { "line": 232, "column": 16 },
        "end": { "line": 232, "column": 35 }
      },
      "127": {
        "start": { "line": 233, "column": 21 },
        "end": { "line": 233, "column": 54 }
      },
      "128": {
        "start": { "line": 236, "column": 21 },
        "end": { "line": 236, "column": 36 }
      },
      "129": {
        "start": { "line": 237, "column": 23 },
        "end": { "line": 237, "column": 40 }
      },
      "130": {
        "start": { "line": 239, "column": 16 },
        "end": { "line": 239, "column": 42 }
      },
      "131": {
        "start": { "line": 240, "column": 26 },
        "end": { "line": 240, "column": 28 }
      },
      "132": {
        "start": { "line": 242, "column": 2 },
        "end": { "line": 244, "column": 3 }
      },
      "133": {
        "start": { "line": 243, "column": 4 },
        "end": { "line": 243, "column": 74 }
      },
      "134": {
        "start": { "line": 246, "column": 2 },
        "end": { "line": 249, "column": 3 }
      },
      "135": {
        "start": { "line": 247, "column": 22 },
        "end": { "line": 247, "column": 50 }
      },
      "136": {
        "start": { "line": 248, "column": 4 },
        "end": { "line": 248, "column": 67 }
      },
      "137": {
        "start": { "line": 252, "column": 2 },
        "end": { "line": 259, "column": 3 }
      },
      "138": {
        "start": { "line": 253, "column": 25 },
        "end": { "line": 253, "column": 66 }
      },
      "139": {
        "start": { "line": 254, "column": 4 },
        "end": { "line": 258, "column": 7 }
      },
      "140": {
        "start": { "line": 262, "column": 26 },
        "end": { "line": 262, "column": 27 }
      },
      "141": {
        "start": { "line": 263, "column": 28 },
        "end": { "line": 265, "column": null }
      },
      "142": {
        "start": { "line": 267, "column": 2 },
        "end": { "line": 287, "column": 3 }
      },
      "143": {
        "start": { "line": 268, "column": 22 },
        "end": { "line": 281, "column": 17 }
      },
      "144": {
        "start": { "line": 270, "column": 31 },
        "end": { "line": 270, "column": 35 }
      },
      "145": {
        "start": { "line": 271, "column": 27 },
        "end": { "line": 271, "column": 70 }
      },
      "146": {
        "start": { "line": 272, "column": 21 },
        "end": { "line": 272, "column": 43 }
      },
      "147": {
        "start": { "line": 273, "column": 26 },
        "end": { "line": 273, "column": 52 }
      },
      "148": {
        "start": { "line": 274, "column": 20 },
        "end": { "line": 274, "column": 36 }
      },
      "149": {
        "start": { "line": 276, "column": 8 },
        "end": { "line": 278, "column": 9 }
      },
      "150": {
        "start": { "line": 277, "column": 10 },
        "end": { "line": 277, "column": 77 }
      },
      "151": {
        "start": { "line": 279, "column": 8 },
        "end": { "line": 279, "column": 65 }
      },
      "152": {
        "start": { "line": 283, "column": 4 },
        "end": { "line": 286, "column": 7 }
      },
      "153": {
        "start": { "line": 289, "column": 21 },
        "end": { "line": 293, "column": 36 }
      },
      "154": {
        "start": { "line": 296, "column": 27 },
        "end": { "line": 296, "column": 47 }
      },
      "155": {
        "start": { "line": 297, "column": 2 },
        "end": { "line": 302, "column": 3 }
      },
      "156": {
        "start": { "line": 298, "column": 18 },
        "end": { "line": 298, "column": 51 }
      },
      "157": {
        "start": { "line": 299, "column": 4 },
        "end": { "line": 301, "column": 5 }
      },
      "158": {
        "start": { "line": 300, "column": 6 },
        "end": { "line": 300, "column": 37 }
      },
      "159": {
        "start": { "line": 304, "column": 2 },
        "end": { "line": 304, "column": 20 }
      },
      "160": {
        "start": { "line": 307, "column": 26 },
        "end": { "line": 317, "column": 1 }
      },
      "161": {
        "start": { "line": 310, "column": 43 },
        "end": { "line": 310, "column": 45 }
      },
      "162": {
        "start": { "line": 311, "column": 2 },
        "end": { "line": 315, "column": 3 }
      },
      "163": {
        "start": { "line": 312, "column": 19 },
        "end": { "line": 312, "column": 39 }
      },
      "164": {
        "start": { "line": 313, "column": 42 },
        "end": { "line": 313, "column": 52 }
      },
      "165": {
        "start": { "line": 314, "column": 4 },
        "end": { "line": 314, "column": 27 }
      },
      "166": {
        "start": { "line": 316, "column": 2 },
        "end": { "line": 316, "column": 18 }
      },
      "167": {
        "start": { "line": 319, "column": 14 },
        "end": { "line": 326, "column": 1 }
      },
      "168": {
        "start": { "line": 320, "column": 2 },
        "end": { "line": 325, "column": 5 }
      },
      "169": {
        "start": { "line": 321, "column": 4 },
        "end": { "line": 323, "column": 7 }
      },
      "170": {
        "start": { "line": 322, "column": 6 },
        "end": { "line": 322, "column": 16 }
      },
      "171": {
        "start": { "line": 324, "column": 4 },
        "end": { "line": 324, "column": 44 }
      },
      "172": {
        "start": { "line": 328, "column": 20 },
        "end": { "line": 345, "column": 1 }
      },
      "173": {
        "start": { "line": 332, "column": 53 },
        "end": { "line": 332, "column": 55 }
      },
      "174": {
        "start": { "line": 333, "column": 2 },
        "end": { "line": 333, "column": 33 }
      },
      "175": {
        "start": { "line": 334, "column": 2 },
        "end": { "line": 343, "column": 3 }
      },
      "176": {
        "start": { "line": 335, "column": 20 },
        "end": { "line": 335, "column": 58 }
      },
      "177": {
        "start": { "line": 336, "column": 4 },
        "end": { "line": 336, "column": 54 }
      },
      "178": {
        "start": { "line": 337, "column": 4 },
        "end": { "line": 342, "column": 6 }
      },
      "179": {
        "start": { "line": 344, "column": 2 },
        "end": { "line": 344, "column": 18 }
      },
      "180": {
        "start": { "line": 347, "column": 29 },
        "end": { "line": 381, "column": 1 }
      },
      "181": {
        "start": { "line": 354, "column": 2 },
        "end": { "line": 380, "column": 3 }
      },
      "182": {
        "start": { "line": 355, "column": 30 },
        "end": { "line": 359, "column": 6 }
      },
      "183": {
        "start": { "line": 360, "column": 23 },
        "end": { "line": 360, "column": 51 }
      },
      "184": {
        "start": { "line": 361, "column": 42 },
        "end": { "line": 361, "column": 66 }
      },
      "185": {
        "start": { "line": 364, "column": 24 },
        "end": { "line": 364, "column": 54 }
      },
      "186": {
        "start": { "line": 366, "column": 4 },
        "end": { "line": 372, "column": 5 }
      },
      "187": {
        "start": { "line": 367, "column": 6 },
        "end": { "line": 369, "column": 7 }
      },
      "188": {
        "start": { "line": 368, "column": 8 },
        "end": { "line": 368, "column": 17 }
      },
      "189": {
        "start": { "line": 370, "column": 6 },
        "end": { "line": 370, "column": 34 }
      },
      "190": {
        "start": { "line": 371, "column": 6 },
        "end": { "line": 371, "column": 67 }
      },
      "191": {
        "start": { "line": 375, "column": 4 },
        "end": { "line": 375, "column": 43 }
      },
      "192": {
        "start": { "line": 378, "column": 35 },
        "end": { "line": 378, "column": 39 }
      },
      "193": {
        "start": { "line": 379, "column": 4 },
        "end": { "line": 379, "column": 42 }
      },
      "194": {
        "start": { "line": 383, "column": 34 },
        "end": { "line": 424, "column": 1 }
      },
      "195": {
        "start": { "line": 391, "column": 19 },
        "end": { "line": 392, "column": null }
      },
      "196": {
        "start": { "line": 395, "column": 2 },
        "end": { "line": 423, "column": 3 }
      },
      "197": {
        "start": { "line": 396, "column": 18 },
        "end": { "line": 396, "column": 42 }
      },
      "198": {
        "start": { "line": 397, "column": 21 },
        "end": { "line": 400, "column": null }
      },
      "199": {
        "start": { "line": 402, "column": 4 },
        "end": { "line": 404, "column": 5 }
      },
      "200": {
        "start": { "line": 403, "column": 6 },
        "end": { "line": 403, "column": 15 }
      },
      "201": {
        "start": { "line": 406, "column": 4 },
        "end": { "line": 406, "column": 43 }
      },
      "202": {
        "start": { "line": 408, "column": 4 },
        "end": { "line": 413, "column": 5 }
      },
      "203": {
        "start": { "line": 409, "column": 6 },
        "end": { "line": 411, "column": 7 }
      },
      "204": {
        "start": { "line": 410, "column": 8 },
        "end": { "line": 410, "column": 17 }
      },
      "205": {
        "start": { "line": 412, "column": 6 },
        "end": { "line": 412, "column": 34 }
      },
      "206": {
        "start": { "line": 416, "column": 4 },
        "end": { "line": 416, "column": 38 }
      },
      "207": {
        "start": { "line": 419, "column": 4 },
        "end": { "line": 422, "column": 5 }
      },
      "208": {
        "start": { "line": 420, "column": 37 },
        "end": { "line": 420, "column": 41 }
      },
      "209": {
        "start": { "line": 421, "column": 6 },
        "end": { "line": 421, "column": 44 }
      },
      "210": {
        "start": { "line": 427, "column": 2 },
        "end": { "line": 429, "column": 3 }
      },
      "211": {
        "start": { "line": 428, "column": 4 },
        "end": { "line": 428, "column": 11 }
      },
      "212": {
        "start": { "line": 431, "column": 17 },
        "end": { "line": 431, "column": 44 }
      },
      "213": {
        "start": { "line": 432, "column": 24 },
        "end": { "line": 432, "column": 44 }
      },
      "214": {
        "start": { "line": 435, "column": 24 },
        "end": { "line": 435, "column": 53 }
      },
      "215": {
        "start": { "line": 438, "column": 22 },
        "end": { "line": 439, "column": null }
      },
      "216": {
        "start": { "line": 439, "column": 33 },
        "end": { "line": 439, "column": 37 }
      },
      "217": {
        "start": { "line": 441, "column": 25 },
        "end": { "line": 442, "column": null }
      },
      "218": {
        "start": { "line": 442, "column": 4 },
        "end": { "line": 442, "column": 49 }
      },
      "219": {
        "start": { "line": 445, "column": 2 },
        "end": { "line": 445, "column": 56 }
      },
      "220": {
        "start": { "line": 447, "column": 2 },
        "end": { "line": 449, "column": 3 }
      },
      "221": {
        "start": { "line": 448, "column": 4 },
        "end": { "line": 448, "column": 11 }
      },
      "222": {
        "start": { "line": 452, "column": 2 },
        "end": { "line": 452, "column": 41 }
      },
      "223": {
        "start": { "line": 455, "column": 22 },
        "end": { "line": 455, "column": 51 }
      },
      "224": {
        "start": { "line": 459, "column": 4 },
        "end": { "line": 459, "column": 56 }
      },
      "225": {
        "start": { "line": 461, "column": 2 },
        "end": { "line": 464, "column": 4 }
      },
      "226": {
        "start": { "line": 466, "column": 28 },
        "end": { "line": 475, "column": 3 }
      },
      "227": {
        "start": { "line": 471, "column": 18 },
        "end": { "line": 471, "column": null }
      },
      "228": {
        "start": { "line": 474, "column": 4 },
        "end": { "line": 474, "column": 44 }
      },
      "229": {
        "start": { "line": 477, "column": 2 },
        "end": { "line": 493, "column": 3 }
      },
      "230": {
        "start": { "line": 478, "column": 4 },
        "end": { "line": 478, "column": 24 }
      },
      "231": {
        "start": { "line": 479, "column": 28 },
        "end": { "line": 479, "column": 68 }
      },
      "232": {
        "start": { "line": 482, "column": 4 },
        "end": { "line": 482, "column": 80 }
      },
      "233": {
        "start": { "line": 485, "column": 4 },
        "end": { "line": 490, "column": 6 }
      },
      "234": {
        "start": { "line": 492, "column": 4 },
        "end": { "line": 492, "column": 21 }
      },
      "235": {
        "start": { "line": 495, "column": 2 },
        "end": { "line": 495, "column": 19 }
      }
    },
    "fnMap": {
      "0": {
        "name": "(anonymous_0)",
        "decl": {
          "start": { "line": 33, "column": 34 },
          "end": { "line": 33, "column": 52 }
        },
        "loc": {
          "start": { "line": 33, "column": 54 },
          "end": { "line": 55, "column": 1 }
        }
      },
      "1": {
        "name": "(anonymous_1)",
        "decl": {
          "start": { "line": 60, "column": 29 },
          "end": { "line": 60, "column": null }
        },
        "loc": {
          "start": { "line": 64, "column": 4 },
          "end": { "line": 74, "column": 1 }
        }
      },
      "2": {
        "name": "(anonymous_2)",
        "decl": {
          "start": { "line": 78, "column": 17 },
          "end": { "line": 78, "column": 18 }
        },
        "loc": {
          "start": { "line": 79, "column": 2 },
          "end": { "line": 79, "column": 37 }
        }
      },
      "3": {
        "name": "(anonymous_3)",
        "decl": {
          "start": { "line": 83, "column": 24 },
          "end": { "line": 83, "column": 29 }
        },
        "loc": {
          "start": { "line": 85, "column": 49 },
          "end": { "line": 128, "column": 1 }
        }
      },
      "4": {
        "name": "(anonymous_4)",
        "decl": {
          "start": { "line": 130, "column": 23 },
          "end": { "line": 130, "column": 28 }
        },
        "loc": {
          "start": { "line": 132, "column": 49 },
          "end": { "line": 143, "column": 1 }
        }
      },
      "5": {
        "name": "(anonymous_5)",
        "decl": {
          "start": { "line": 145, "column": 27 },
          "end": { "line": 145, "column": 32 }
        },
        "loc": {
          "start": { "line": 147, "column": 49 },
          "end": { "line": 176, "column": 1 }
        }
      },
      "6": {
        "name": "(anonymous_6)",
        "decl": {
          "start": { "line": 152, "column": 16 },
          "end": { "line": 152, "column": 49 }
        },
        "loc": {
          "start": { "line": 152, "column": 51 },
          "end": { "line": 163, "column": 3 }
        }
      },
      "7": {
        "name": "(anonymous_7)",
        "decl": {
          "start": { "line": 178, "column": 14 },
          "end": { "line": 178, "column": 19 }
        },
        "loc": {
          "start": { "line": 178, "column": 47 },
          "end": { "line": 229, "column": 1 }
        }
      },
      "8": {
        "name": "(anonymous_8)",
        "decl": {
          "start": { "line": 212, "column": 17 },
          "end": { "line": 212, "column": 18 }
        },
        "loc": {
          "start": { "line": 212, "column": 23 },
          "end": { "line": 215, "column": 7 }
        }
      },
      "9": {
        "name": "(anonymous_9)",
        "decl": {
          "start": { "line": 231, "column": 24 },
          "end": { "line": 231, "column": 29 }
        },
        "loc": {
          "start": { "line": 231, "column": 75 },
          "end": { "line": 305, "column": 1 }
        }
      },
      "10": {
        "name": "(anonymous_10)",
        "decl": {
          "start": { "line": 269, "column": 11 },
          "end": { "line": 269, "column": 12 }
        },
        "loc": {
          "start": { "line": 269, "column": 27 },
          "end": { "line": 280, "column": 7 }
        }
      },
      "11": {
        "name": "(anonymous_11)",
        "decl": {
          "start": { "line": 307, "column": 26 },
          "end": { "line": 307, "column": 31 }
        },
        "loc": {
          "start": { "line": 309, "column": 37 },
          "end": { "line": 317, "column": 1 }
        }
      },
      "12": {
        "name": "(anonymous_12)",
        "decl": {
          "start": { "line": 319, "column": 14 },
          "end": { "line": 319, "column": 15 }
        },
        "loc": {
          "start": { "line": 319, "column": 48 },
          "end": { "line": 326, "column": 1 }
        }
      },
      "13": {
        "name": "(anonymous_13)",
        "decl": {
          "start": { "line": 320, "column": 27 },
          "end": { "line": 320, "column": 28 }
        },
        "loc": {
          "start": { "line": 320, "column": 39 },
          "end": { "line": 325, "column": 3 }
        }
      },
      "14": {
        "name": "(anonymous_14)",
        "decl": {
          "start": { "line": 321, "column": 23 },
          "end": { "line": 321, "column": 26 }
        },
        "loc": {
          "start": { "line": 321, "column": 28 },
          "end": { "line": 323, "column": 5 }
        }
      },
      "15": {
        "name": "(anonymous_15)",
        "decl": {
          "start": { "line": 328, "column": 20 },
          "end": { "line": 328, "column": 25 }
        },
        "loc": {
          "start": { "line": 331, "column": 47 },
          "end": { "line": 345, "column": 1 }
        }
      },
      "16": {
        "name": "(anonymous_16)",
        "decl": {
          "start": { "line": 347, "column": 29 },
          "end": { "line": 347, "column": 34 }
        },
        "loc": {
          "start": { "line": 353, "column": 4 },
          "end": { "line": 381, "column": 1 }
        }
      },
      "17": {
        "name": "(anonymous_17)",
        "decl": {
          "start": { "line": 383, "column": 34 },
          "end": { "line": 383, "column": 39 }
        },
        "loc": {
          "start": { "line": 390, "column": 4 },
          "end": { "line": 424, "column": 1 }
        }
      },
      "18": {
        "name": "messageEvents",
        "decl": {
          "start": { "line": 426, "column": 22 },
          "end": { "line": 426, "column": 35 }
        },
        "loc": {
          "start": { "line": 426, "column": 61 },
          "end": { "line": 496, "column": 1 }
        }
      },
      "19": {
        "name": "(anonymous_19)",
        "decl": {
          "start": { "line": 439, "column": 26 },
          "end": { "line": 439, "column": 27 }
        },
        "loc": {
          "start": { "line": 439, "column": 33 },
          "end": { "line": 439, "column": 37 }
        }
      },
      "20": {
        "name": "(anonymous_20)",
        "decl": {
          "start": { "line": 441, "column": 46 },
          "end": { "line": 441, "column": 47 }
        },
        "loc": {
          "start": { "line": 442, "column": 4 },
          "end": { "line": 442, "column": 49 }
        }
      },
      "21": {
        "name": "(anonymous_21)",
        "decl": {
          "start": { "line": 466, "column": 28 },
          "end": { "line": 466, "column": null }
        },
        "loc": {
          "start": { "line": 470, "column": 6 },
          "end": { "line": 475, "column": 3 }
        }
      }
    },
    "branchMap": {
      "0": {
        "loc": {
          "start": { "line": 35, "column": 2 },
          "end": { "line": 37, "column": 3 }
        },
        "type": "if",
        "locations": [
          {
            "start": { "line": 35, "column": 2 },
            "end": { "line": 37, "column": 3 }
          },
          { "start": {}, "end": {} }
        ]
      },
      "1": {
        "loc": {
          "start": { "line": 44, "column": 4 },
          "end": { "line": 50, "column": 5 }
        },
        "type": "if",
        "locations": [
          {
            "start": { "line": 44, "column": 4 },
            "end": { "line": 50, "column": 5 }
          },
          { "start": {}, "end": {} }
        ]
      },
      "2": {
        "loc": {
          "start": { "line": 45, "column": 6 },
          "end": { "line": 46, "column": 41 }
        },
        "type": "binary-expr",
        "locations": [
          {
            "start": { "line": 45, "column": 6 },
            "end": { "line": 45, "column": 43 }
          },
          {
            "start": { "line": 46, "column": 6 },
            "end": { "line": 46, "column": 41 }
          }
        ]
      },
      "3": {
        "loc": {
          "start": { "line": 68, "column": 4 },
          "end": { "line": 71, "column": 5 }
        },
        "type": "if",
        "locations": [
          {
            "start": { "line": 68, "column": 4 },
            "end": { "line": 71, "column": 5 }
          },
          { "start": {}, "end": {} }
        ]
      },
      "4": {
        "loc": {
          "start": { "line": 98, "column": 2 },
          "end": { "line": 125, "column": 3 }
        },
        "type": "if",
        "locations": [
          {
            "start": { "line": 98, "column": 2 },
            "end": { "line": 125, "column": 3 }
          },
          {
            "start": { "line": 103, "column": 9 },
            "end": { "line": 125, "column": 3 }
          }
        ]
      },
      "5": {
        "loc": {
          "start": { "line": 103, "column": 9 },
          "end": { "line": 125, "column": 3 }
        },
        "type": "if",
        "locations": [
          {
            "start": { "line": 103, "column": 9 },
            "end": { "line": 125, "column": 3 }
          },
          {
            "start": { "line": 110, "column": 9 },
            "end": { "line": 125, "column": 3 }
          }
        ]
      },
      "6": {
        "loc": {
          "start": { "line": 110, "column": 9 },
          "end": { "line": 125, "column": 3 }
        },
        "type": "if",
        "locations": [
          {
            "start": { "line": 110, "column": 9 },
            "end": { "line": 125, "column": 3 }
          },
          {
            "start": { "line": 115, "column": 9 },
            "end": { "line": 125, "column": 3 }
          }
        ]
      },
      "7": {
        "loc": {
          "start": { "line": 115, "column": 9 },
          "end": { "line": 125, "column": 3 }
        },
        "type": "if",
        "locations": [
          {
            "start": { "line": 115, "column": 9 },
            "end": { "line": 125, "column": 3 }
          },
          {
            "start": { "line": 120, "column": 9 },
            "end": { "line": 125, "column": 3 }
          }
        ]
      },
      "8": {
        "loc": {
          "start": { "line": 156, "column": 4 },
          "end": { "line": 158, "column": 5 }
        },
        "type": "if",
        "locations": [
          {
            "start": { "line": 156, "column": 4 },
            "end": { "line": 158, "column": 5 }
          },
          { "start": {}, "end": {} }
        ]
      },
      "9": {
        "loc": {
          "start": { "line": 159, "column": 4 },
          "end": { "line": 161, "column": 5 }
        },
        "type": "if",
        "locations": [
          {
            "start": { "line": 159, "column": 4 },
            "end": { "line": 161, "column": 5 }
          },
          { "start": {}, "end": {} }
        ]
      },
      "10": {
        "loc": {
          "start": { "line": 165, "column": 2 },
          "end": { "line": 168, "column": 3 }
        },
        "type": "if",
        "locations": [
          {
            "start": { "line": 165, "column": 2 },
            "end": { "line": 168, "column": 3 }
          },
          { "start": {}, "end": {} }
        ]
      },
      "11": {
        "loc": {
          "start": { "line": 169, "column": 2 },
          "end": { "line": 172, "column": 3 }
        },
        "type": "if",
        "locations": [
          {
            "start": { "line": 169, "column": 2 },
            "end": { "line": 172, "column": 3 }
          },
          { "start": {}, "end": {} }
        ]
      },
      "12": {
        "loc": {
          "start": { "line": 186, "column": 2 },
          "end": { "line": 188, "column": 3 }
        },
        "type": "if",
        "locations": [
          {
            "start": { "line": 186, "column": 2 },
            "end": { "line": 188, "column": 3 }
          },
          { "start": {}, "end": {} }
        ]
      },
      "13": {
        "loc": {
          "start": { "line": 186, "column": 6 },
          "end": { "line": 186, "column": 19 }
        },
        "type": "binary-expr",
        "locations": [
          {
            "start": { "line": 186, "column": 6 },
            "end": { "line": 186, "column": 10 }
          },
          {
            "start": { "line": 186, "column": 14 },
            "end": { "line": 186, "column": 19 }
          }
        ]
      },
      "14": {
        "loc": {
          "start": { "line": 191, "column": 2 },
          "end": { "line": 197, "column": 3 }
        },
        "type": "if",
        "locations": [
          {
            "start": { "line": 191, "column": 2 },
            "end": { "line": 197, "column": 3 }
          },
          {
            "start": { "line": 193, "column": 9 },
            "end": { "line": 197, "column": 3 }
          }
        ]
      },
      "15": {
        "loc": {
          "start": { "line": 193, "column": 9 },
          "end": { "line": 197, "column": 3 }
        },
        "type": "if",
        "locations": [
          {
            "start": { "line": 193, "column": 9 },
            "end": { "line": 197, "column": 3 }
          },
          {
            "start": { "line": 195, "column": 9 },
            "end": { "line": 197, "column": 3 }
          }
        ]
      },
      "16": {
        "loc": {
          "start": { "line": 195, "column": 9 },
          "end": { "line": 197, "column": 3 }
        },
        "type": "if",
        "locations": [
          {
            "start": { "line": 195, "column": 9 },
            "end": { "line": 197, "column": 3 }
          },
          { "start": {}, "end": {} }
        ]
      },
      "17": {
        "loc": {
          "start": { "line": 199, "column": 2 },
          "end": { "line": 201, "column": 3 }
        },
        "type": "if",
        "locations": [
          {
            "start": { "line": 199, "column": 2 },
            "end": { "line": 201, "column": 3 }
          },
          { "start": {}, "end": {} }
        ]
      },
      "18": {
        "loc": {
          "start": { "line": 207, "column": 8 },
          "end": { "line": 207, "column": 24 }
        },
        "type": "binary-expr",
        "locations": [
          {
            "start": { "line": 207, "column": 8 },
            "end": { "line": 207, "column": 18 }
          },
          {
            "start": { "line": 207, "column": 22 },
            "end": { "line": 207, "column": 24 }
          }
        ]
      },
      "19": {
        "loc": {
          "start": { "line": 218, "column": 2 },
          "end": { "line": 226, "column": 3 }
        },
        "type": "if",
        "locations": [
          {
            "start": { "line": 218, "column": 2 },
            "end": { "line": 226, "column": 3 }
          },
          {
            "start": { "line": 224, "column": 9 },
            "end": { "line": 226, "column": 3 }
          }
        ]
      },
      "20": {
        "loc": {
          "start": { "line": 218, "column": 6 },
          "end": { "line": 218, "column": 40 }
        },
        "type": "binary-expr",
        "locations": [
          {
            "start": { "line": 218, "column": 6 },
            "end": { "line": 218, "column": 9 }
          },
          {
            "start": { "line": 218, "column": 13 },
            "end": { "line": 218, "column": 40 }
          }
        ]
      },
      "21": {
        "loc": {
          "start": { "line": 219, "column": 17 },
          "end": { "line": 219, "column": 40 }
        },
        "type": "binary-expr",
        "locations": [
          {
            "start": { "line": 219, "column": 17 },
            "end": { "line": 219, "column": 32 }
          },
          {
            "start": { "line": 219, "column": 36 },
            "end": { "line": 219, "column": 40 }
          }
        ]
      },
      "22": {
        "loc": {
          "start": { "line": 221, "column": 4 },
          "end": { "line": 223, "column": 5 }
        },
        "type": "if",
        "locations": [
          {
            "start": { "line": 221, "column": 4 },
            "end": { "line": 223, "column": 5 }
          },
          { "start": {}, "end": {} }
        ]
      },
      "23": {
        "loc": {
          "start": { "line": 222, "column": 21 },
          "end": { "line": 222, "column": 34 }
        },
        "type": "binary-expr",
        "locations": [
          {
            "start": { "line": 222, "column": 21 },
            "end": { "line": 222, "column": 26 }
          },
          {
            "start": { "line": 222, "column": 30 },
            "end": { "line": 222, "column": 34 }
          }
        ]
      },
      "24": {
        "loc": {
          "start": { "line": 242, "column": 2 },
          "end": { "line": 244, "column": 3 }
        },
        "type": "if",
        "locations": [
          {
            "start": { "line": 242, "column": 2 },
            "end": { "line": 244, "column": 3 }
          },
          { "start": {}, "end": {} }
        ]
      },
      "25": {
        "loc": {
          "start": { "line": 246, "column": 2 },
          "end": { "line": 249, "column": 3 }
        },
        "type": "if",
        "locations": [
          {
            "start": { "line": 246, "column": 2 },
            "end": { "line": 249, "column": 3 }
          },
          { "start": {}, "end": {} }
        ]
      },
      "26": {
        "loc": {
          "start": { "line": 252, "column": 2 },
          "end": { "line": 259, "column": 3 }
        },
        "type": "if",
        "locations": [
          {
            "start": { "line": 252, "column": 2 },
            "end": { "line": 259, "column": 3 }
          },
          { "start": {}, "end": {} }
        ]
      },
      "27": {
        "loc": {
          "start": { "line": 267, "column": 2 },
          "end": { "line": 287, "column": 3 }
        },
        "type": "if",
        "locations": [
          {
            "start": { "line": 267, "column": 2 },
            "end": { "line": 287, "column": 3 }
          },
          { "start": {}, "end": {} }
        ]
      },
      "28": {
        "loc": {
          "start": { "line": 271, "column": 27 },
          "end": { "line": 271, "column": 70 }
        },
        "type": "cond-expr",
        "locations": [
          {
            "start": { "line": 271, "column": 45 },
            "end": { "line": 271, "column": 65 }
          },
          {
            "start": { "line": 271, "column": 68 },
            "end": { "line": 271, "column": 70 }
          }
        ]
      },
      "29": {
        "loc": {
          "start": { "line": 272, "column": 21 },
          "end": { "line": 272, "column": 43 }
        },
        "type": "binary-expr",
        "locations": [
          {
            "start": { "line": 272, "column": 21 },
            "end": { "line": 272, "column": 30 }
          },
          {
            "start": { "line": 272, "column": 34 },
            "end": { "line": 272, "column": 43 }
          }
        ]
      },
      "30": {
        "loc": {
          "start": { "line": 273, "column": 26 },
          "end": { "line": 273, "column": 52 }
        },
        "type": "cond-expr",
        "locations": [
          {
            "start": { "line": 273, "column": 34 },
            "end": { "line": 273, "column": 47 }
          },
          {
            "start": { "line": 273, "column": 50 },
            "end": { "line": 273, "column": 52 }
          }
        ]
      },
      "31": {
        "loc": {
          "start": { "line": 276, "column": 8 },
          "end": { "line": 278, "column": 9 }
        },
        "type": "if",
        "locations": [
          {
            "start": { "line": 276, "column": 8 },
            "end": { "line": 278, "column": 9 }
          },
          { "start": {}, "end": {} }
        ]
      },
      "32": {
        "loc": {
          "start": { "line": 297, "column": 2 },
          "end": { "line": 302, "column": 3 }
        },
        "type": "if",
        "locations": [
          {
            "start": { "line": 297, "column": 2 },
            "end": { "line": 302, "column": 3 }
          },
          { "start": {}, "end": {} }
        ]
      },
      "33": {
        "loc": {
          "start": { "line": 299, "column": 4 },
          "end": { "line": 301, "column": 5 }
        },
        "type": "if",
        "locations": [
          {
            "start": { "line": 299, "column": 4 },
            "end": { "line": 301, "column": 5 }
          },
          { "start": {}, "end": {} }
        ]
      },
      "34": {
        "loc": {
          "start": { "line": 339, "column": 9 },
          "end": { "line": 340, "column": null }
        },
        "type": "binary-expr",
        "locations": [
          {
            "start": { "line": 339, "column": 9 },
            "end": { "line": 339, "column": 74 }
          },
          {
            "start": { "line": 340, "column": 9 },
            "end": { "line": 340, "column": null }
          }
        ]
      },
      "35": {
        "loc": {
          "start": { "line": 367, "column": 6 },
          "end": { "line": 369, "column": 7 }
        },
[...]
        "end": { "line": 38, "column": 73 }
      },
      "21": {
        "start": { "line": 42, "column": 32 },
        "end": { "line": 59, "column": 1 }
      },
      "22": {
        "start": { "line": 47, "column": 2 },
        "end": { "line": 49, "column": 3 }
      },
      "23": {
        "start": { "line": 48, "column": 4 },
        "end": { "line": 48, "column": 22 }
      },
      "24": {
        "start": { "line": 50, "column": 15 },
        "end": { "line": 50, "column": 55 }
      },
      "25": {
        "start": { "line": 51, "column": 13 },
        "end": { "line": 51, "column": 51 }
      },
      "26": {
        "start": { "line": 52, "column": 2 },
        "end": { "line": 54, "column": 3 }
      },
      "27": {
        "start": { "line": 53, "column": 4 },
        "end": { "line": 53, "column": 18 }
      },
      "28": {
        "start": { "line": 55, "column": 2 },
        "end": { "line": 57, "column": 3 }
      },
      "29": {
        "start": { "line": 56, "column": 4 },
        "end": { "line": 56, "column": 18 }
      },
      "30": {
        "start": { "line": 58, "column": 2 },
        "end": { "line": 58, "column": 20 }
      },
      "31": {
        "start": { "line": 42, "column": 13 },
        "end": { "line": 42, "column": 32 }
      },
      "32": {
        "start": { "line": 64, "column": 28 },
        "end": { "line": 80, "column": 1 }
      },
      "33": {
        "start": { "line": 69, "column": 14 },
        "end": { "line": 69, "column": 43 }
      },
      "34": {
        "start": { "line": 70, "column": 16 },
        "end": { "line": 70, "column": 32 }
      },
      "35": {
        "start": { "line": 71, "column": 23 },
        "end": { "line": 71, "column": 24 }
      },
      "36": {
        "start": { "line": 72, "column": 2 },
        "end": { "line": 78, "column": 3 }
      },
      "37": {
        "start": { "line": 74, "column": 4 },
        "end": { "line": 74, "column": 61 }
      },
      "38": {
        "start": { "line": 75, "column": 9 },
        "end": { "line": 78, "column": 3 }
      },
      "39": {
        "start": { "line": 77, "column": 4 },
        "end": { "line": 77, "column": 21 }
      },
      "40": {
        "start": { "line": 79, "column": 2 },
        "end": { "line": 79, "column": 30 }
      },
      "41": {
        "start": { "line": 64, "column": 13 },
        "end": { "line": 64, "column": 28 }
      },
      "42": {
        "start": { "line": 82, "column": 26 },
        "end": { "line": 82, "column": 35 }
      },
      "43": {
        "start": { "line": 83, "column": 27 },
        "end": { "line": 85, "column": 1 }
      },
      "44": {
        "start": { "line": 84, "column": 2 },
        "end": { "line": 84, "column": 62 }
      },
      "45": {
        "start": { "line": 83, "column": 13 },
        "end": { "line": 83, "column": 27 }
      },
      "46": {
        "start": { "line": 87, "column": 31 },
        "end": { "line": 102, "column": 1 }
      },
      "47": {
        "start": { "line": 90, "column": 2 },
        "end": { "line": 92, "column": 3 }
      },
      "48": {
        "start": { "line": 91, "column": 4 },
        "end": { "line": 91, "column": 14 }
      },
      "49": {
        "start": { "line": 94, "column": 4 },
        "end": { "line": 94, "column": 75 }
      },
      "50": {
        "start": { "line": 95, "column": 2 },
        "end": { "line": 100, "column": 3 }
      },
      "51": {
        "start": { "line": 96, "column": 22 },
        "end": { "line": 96, "column": 51 }
      },
      "52": {
        "start": { "line": 97, "column": 19 },
        "end": { "line": 97, "column": 73 }
      },
      "53": {
        "start": { "line": 98, "column": 18 },
        "end": { "line": 98, "column": 40 }
      },
      "54": {
        "start": { "line": 99, "column": 4 },
        "end": { "line": 99, "column": 58 }
      },
      "55": {
        "start": { "line": 101, "column": 2 },
        "end": { "line": 101, "column": 39 }
      },
      "56": {
        "start": { "line": 87, "column": 13 },
        "end": { "line": 87, "column": 31 }
      },
      "57": {
        "start": { "line": 108, "column": 32 },
        "end": { "line": 140, "column": 1 }
      },
      "58": {
        "start": { "line": 111, "column": 19 },
        "end": { "line": 111, "column": 40 }
      },
      "59": {
        "start": { "line": 112, "column": 22 },
        "end": { "line": 112, "column": 50 }
      },
      "60": {
        "start": { "line": 113, "column": 23 },
        "end": { "line": 113, "column": 73 }
      },
      "61": {
        "start": { "line": 114, "column": 22 },
        "end": { "line": 114, "column": 71 }
      },
      "62": {
        "start": { "line": 115, "column": 17 },
        "end": { "line": 115, "column": 59 }
      },
      "63": {
        "start": { "line": 117, "column": 2 },
        "end": { "line": 137, "column": 3 }
      },
      "64": {
        "start": { "line": 118, "column": 4 },
        "end": { "line": 136, "column": 5 }
      },
      "65": {
        "start": { "line": 120, "column": 24 },
        "end": { "line": 120, "column": 47 }
      },
      "66": {
        "start": { "line": 124, "column": 23 },
        "end": { "line": 126, "column": null }
      },
      "67": {
        "start": { "line": 129, "column": 6 },
        "end": { "line": 131, "column": 31 }
      },
      "68": {
        "start": { "line": 132, "column": 6 },
        "end": { "line": 132, "column": 29 }
      },
      "69": {
        "start": { "line": 134, "column": 6 },
        "end": { "line": 134, "column": 62 }
      },
      "70": {
        "start": { "line": 139, "column": 2 },
        "end": { "line": 139, "column": 30 }
      },
      "71": {
        "start": { "line": 108, "column": 13 },
        "end": { "line": 108, "column": 32 }
      }
    },
    "fnMap": {
      "0": {
        "name": "timeout",
        "decl": {
          "start": { "line": 12, "column": 16 },
          "end": { "line": 12, "column": 23 }
        },
        "loc": {
          "start": { "line": 12, "column": 34 },
          "end": { "line": 14, "column": 1 }
        }
      },
      "1": {
        "name": "(anonymous_2)",
        "decl": {
          "start": { "line": 13, "column": 21 },
          "end": { "line": 13, "column": 22 }
        },
        "loc": {
          "start": { "line": 13, "column": 34 },
          "end": { "line": 13, "column": 57 }
        }
      },
      "2": {
        "name": "(anonymous_3)",
        "decl": {
          "start": { "line": 17, "column": 29 },
          "end": { "line": 17, "column": 30 }
        },
        "loc": {
          "start": { "line": 18, "column": 2 },
          "end": { "line": 18, "column": 45 }
        }
      },
      "3": {
        "name": "(anonymous_4)",
        "decl": {
          "start": { "line": 27, "column": 25 },
          "end": { "line": 27, "column": 26 }
        },
        "loc": {
          "start": { "line": 28, "column": 2 },
          "end": { "line": 28, "column": 87 }
        }
      },
      "4": {
        "name": "(anonymous_5)",
        "decl": {
          "start": { "line": 42, "column": 32 },
          "end": { "line": 42, "column": 33 }
        },
        "loc": {
          "start": { "line": 46, "column": 19 },
          "end": { "line": 59, "column": 1 }
        }
      },
      "5": {
        "name": "(anonymous_6)",
        "decl": {
          "start": { "line": 64, "column": 28 },
          "end": { "line": 64, "column": null }
        },
        "loc": {
          "start": { "line": 68, "column": 4 },
          "end": { "line": 80, "column": 1 }
        }
      },
      "6": {
        "name": "(anonymous_7)",
        "decl": {
          "start": { "line": 83, "column": 27 },
          "end": { "line": 83, "column": 28 }
        },
        "loc": {
          "start": { "line": 83, "column": 65 },
          "end": { "line": 85, "column": 1 }
        }
      },
      "7": {
        "name": "(anonymous_8)",
        "decl": {
          "start": { "line": 87, "column": 31 },
          "end": { "line": 87, "column": null }
        },
        "loc": {
          "start": { "line": 89, "column": 12 },
          "end": { "line": 102, "column": 1 }
        }
      },
      "8": {
        "name": "(anonymous_9)",
        "decl": {
          "start": { "line": 108, "column": 32 },
          "end": { "line": 108, "column": 37 }
        },
        "loc": {
          "start": { "line": 110, "column": 51 },
          "end": { "line": 140, "column": 1 }
        }
      }
    },
    "branchMap": {
      "0": {
        "loc": {
          "start": { "line": 33, "column": 34 },
          "end": { "line": 33, "column": 72 }
        },
        "type": "binary-expr",
        "locations": [
          {
            "start": { "line": 33, "column": 34 },
            "end": { "line": 33, "column": 66 }
          },
          {
            "start": { "line": 33, "column": 70 },
            "end": { "line": 33, "column": 72 }
          }
        ]
      },
      "1": {
        "loc": {
          "start": { "line": 35, "column": 2 },
          "end": { "line": 35, "column": 34 }
        },
        "type": "binary-expr",
        "locations": [
          {
            "start": { "line": 35, "column": 2 },
            "end": { "line": 35, "column": 27 }
          },
          {
            "start": { "line": 35, "column": 31 },
            "end": { "line": 35, "column": 34 }
          }
        ]
      },
      "2": {
        "loc": {
          "start": { "line": 37, "column": 21 },
          "end": { "line": 37, "column": 52 }
        },
        "type": "binary-expr",
        "locations": [
          {
            "start": { "line": 37, "column": 21 },
            "end": { "line": 37, "column": 38 }
          },
          {
            "start": { "line": 37, "column": 42 },
            "end": { "line": 37, "column": 52 }
          }
        ]
      },
      "3": {
        "loc": {
          "start": { "line": 38, "column": 40 },
          "end": { "line": 38, "column": 71 }
        },
        "type": "binary-expr",
        "locations": [
          {
            "start": { "line": 38, "column": 40 },
            "end": { "line": 38, "column": 65 }
          },
          {
            "start": { "line": 38, "column": 69 },
            "end": { "line": 38, "column": 71 }
          }
        ]
      },
      "4": {
        "loc": {
          "start": { "line": 47, "column": 2 },
          "end": { "line": 49, "column": 3 }
        },
        "type": "if",
        "locations": [
          {
            "start": { "line": 47, "column": 2 },
            "end": { "line": 49, "column": 3 }
          },
          { "start": {}, "end": {} }
        ]
      },
      "5": {
        "loc": {
          "start": { "line": 50, "column": 16 },
          "end": { "line": 50, "column": 40 }
        },
        "type": "binary-expr",
        "locations": [
          {
            "start": { "line": 50, "column": 16 },
            "end": { "line": 50, "column": 34 }
          },
          {
            "start": { "line": 50, "column": 38 },
            "end": { "line": 50, "column": 40 }
          }
        ]
      },
      "6": {
        "loc": {
          "start": { "line": 51, "column": 14 },
          "end": { "line": 51, "column": 36 }
        },
        "type": "binary-expr",
        "locations": [
          {
            "start": { "line": 51, "column": 14 },
            "end": { "line": 51, "column": 30 }
          },
          {
            "start": { "line": 51, "column": 34 },
            "end": { "line": 51, "column": 36 }
          }
        ]
      },
      "7": {
        "loc": {
          "start": { "line": 52, "column": 2 },
          "end": { "line": 54, "column": 3 }
        },
        "type": "if",
        "locations": [
          {
            "start": { "line": 52, "column": 2 },
            "end": { "line": 54, "column": 3 }
          },
          { "start": {}, "end": {} }
        ]
      },
      "8": {
        "loc": {
          "start": { "line": 55, "column": 2 },
          "end": { "line": 57, "column": 3 }
        },
        "type": "if",
        "locations": [
          {
            "start": { "line": 55, "column": 2 },
            "end": { "line": 57, "column": 3 }
          },
          { "start": {}, "end": {} }
        ]
      },
      "9": {
        "loc": {
          "start": { "line": 55, "column": 6 },
          "end": { "line": 55, "column": 75 }
        },
        "type": "binary-expr",
        "locations": [
          {
            "start": { "line": 55, "column": 6 },
            "end": { "line": 55, "column": 25 }
          },
          {
            "start": { "line": 55, "column": 29 },
            "end": { "line": 55, "column": 48 }
          },
          {
            "start": { "line": 55, "column": 52 },
            "end": { "line": 55, "column": 75 }
          }
        ]
      },
      "10": {
        "loc": {
          "start": { "line": 72, "column": 2 },
          "end": { "line": 78, "column": 3 }
        },
        "type": "if",
        "locations": [
          {
            "start": { "line": 72, "column": 2 },
            "end": { "line": 78, "column": 3 }
          },
          {
            "start": { "line": 75, "column": 9 },
            "end": { "line": 78, "column": 3 }
          }
        ]
      },
      "11": {
        "loc": {
          "start": { "line": 72, "column": 7 },
          "end": { "line": 72, "column": 21 }
        },
        "type": "binary-expr",
        "locations": [
          {
            "start": { "line": 72, "column": 7 },
            "end": { "line": 72, "column": 15 }
          },
          {
            "start": { "line": 72, "column": 19 },
            "end": { "line": 72, "column": 21 }
          }
        ]
      },
      "12": {
        "loc": {
          "start": { "line": 75, "column": 9 },
          "end": { "line": 78, "column": 3 }
        },
        "type": "if",
        "locations": [
          {
            "start": { "line": 75, "column": 9 },
            "end": { "line": 78, "column": 3 }
          },
          { "start": {}, "end": {} }
        ]
      },
      "13": {
        "loc": {
          "start": { "line": 90, "column": 2 },
          "end": { "line": 92, "column": 3 }
        },
        "type": "if",
        "locations": [
          {
            "start": { "line": 90, "column": 2 },
            "end": { "line": 92, "column": 3 }
          },
          { "start": {}, "end": {} }
        ]
      },
      "14": {
        "loc": {
          "start": { "line": 95, "column": 2 },
          "end": { "line": 100, "column": 3 }
        },
        "type": "if",
        "locations": [
          {
            "start": { "line": 95, "column": 2 },
            "end": { "line": 100, "column": 3 }
          },
          { "start": {}, "end": {} }
        ]
      },
      "15": {
        "loc": {
          "start": { "line": 95, "column": 6 },
          "end": { "line": 95, "column": 65 }
        },
        "type": "binary-expr",
        "locations": [
          {
            "start": { "line": 95, "column": 6 },
            "end": { "line": 95, "column": 21 }
          },
          {
            "start": { "line": 95, "column": 25 },
            "end": { "line": 95, "column": 33 }
          },
          {
            "start": { "line": 95, "column": 37 },
            "end": { "line": 95, "column": 65 }
          }
        ]
      },
      "16": {
        "loc": {
          "start": { "line": 97, "column": 19 },
          "end": { "line": 97, "column": 73 }
        },
        "type": "cond-expr",
        "locations": [
          {
            "start": { "line": 97, "column": 42 },
            "end": { "line": 97, "column": 61 }
          },
          {
            "start": { "line": 97, "column": 64 },
            "end": { "line": 97, "column": 73 }
          }
        ]
      },
      "17": {
        "loc": {
          "start": { "line": 99, "column": 11 },
          "end": { "line": 99, "column": 57 }
        },
        "type": "cond-expr",
        "locations": [
          {
            "start": { "line": 99, "column": 20 },
            "end": { "line": 99, "column": 42 }
          },
          {
            "start": { "line": 99, "column": 45 },
            "end": { "line": 99, "column": 57 }
          }
        ]
      },
      "18": {
        "loc": {
          "start": { "line": 114, "column": 22 },
          "end": { "line": 114, "column": 71 }
        },
        "type": "binary-expr",
        "locations": [
          {
            "start": { "line": 114, "column": 22 },
            "end": { "line": 114, "column": 58 }
          },
          {
            "start": { "line": 114, "column": 62 },
            "end": { "line": 114, "column": 71 }
          }
        ]
      },
      "19": {
        "loc": {
          "start": { "line": 115, "column": 17 },
          "end": { "line": 115, "column": 59 }
        },
        "type": "binary-expr",
        "locations": [
          {
            "start": { "line": 115, "column": 17 },
            "end": { "line": 115, "column": 43 }
          },
          {
            "start": { "line": 115, "column": 47 },
            "end": { "line": 115, "column": 59 }
          }
        ]
      },
      "20": {
        "loc": {
          "start": { "line": 117, "column": 2 },
          "end": { "line": 137, "column": 3 }
        },
        "type": "if",
        "locations": [
          {
            "start": { "line": 117, "column": 2 },
            "end": { "line": 137, "column": 3 }
          },
          { "start": {}, "end": {} }
        ]
      },
      "21": {
        "loc": {
          "start": { "line": 117, "column": 6 },
          "end": { "line": 117, "column": 77 }
        },
        "type": "binary-expr",
        "locations": [
          {
            "start": { "line": 117, "column": 6 },
            "end": { "line": 117, "column": 34 }
          },
          {
            "start": { "line": 117, "column": 38 },
            "end": { "line": 117, "column": 77 }
          }
        ]
      }
    },
    "s": {
      "0": 15,
      "1": 15,
      "2": 15,
      "3": 15,
      "4": 15,
      "5": 1,
      "6": 1,
      "7": 15,
      "8": 15,
      "9": 2,
      "10": 15,
      "11": 15,
      "12": 15,
      "13": 15,
      "14": 15,
      "15": 15,
      "16": 15,
      "17": 15,
      "18": 15,
      "19": 15,
      "20": 15,
      "21": 15,
      "22": 30,
      "23": 1,
      "24": 29,
      "25": 29,
      "26": 29,
      "27": 11,
      "28": 18,
      "29": 12,
      "30": 6,
      "31": 15,
      "32": 15,
      "33": 10,
      "34": 10,
      "35": 10,
      "36": 10,
      "37": 8,
      "38": 2,
      "39": 1,
      "40": 10,
      "41": 15,
      "42": 15,
      "43": 15,
      "44": 17,
      "45": 15,
      "46": 15,
      "47": 2,
      "48": 0,
      "49": 2,
      "50": 2,
      "51": 1,
      "52": 1,
      "53": 1,
      "54": 1,
      "55": 1,
      "56": 15,
      "57": 15,
      "58": 4,
      "59": 4,
      "60": 4,
      "61": 4,
      "62": 4,
      "63": 4,
      "64": 3,
      "65": 3,
      "66": 3,
      "67": 3,
      "68": 3,
      "69": 0,
      "70": 4,
      "71": 15
    },
    "f": {
      "0": 1,
      "1": 1,
      "2": 2,
      "3": 15,
      "4": 30,
      "5": 10,
      "6": 17,
      "7": 2,
      "8": 4
    },
    "b": {
      "0": [15, 15],
      "1": [15, 15],
      "2": [15, 15],
      "3": [15, 7],
      "4": [1, 29],
      "5": [29, 1],
      "6": [29, 1],
      "7": [11, 18],
      "8": [12, 6],
      "9": [18, 17, 8],
      "10": [8, 2],
      "11": [10, 0],
      "12": [1, 1],
      "13": [0, 2],
      "14": [1, 1],
      "15": [2, 2, 1],
      "16": [1, 0],
      "17": [1, 0],
      "18": [4, 0],
      "19": [4, 0],
      "20": [3, 1],
      "21": [4, 1]
    }
  }
}
