TN:
SF:src/opensea.ts
FN:38,(anonymous_0)
FN:39,(anonymous_1)
FN:40,(anonymous_2)
FN:41,(anonymous_3)
FN:42,(anonymous_4)
FN:56,(anonymous_5)
FN:86,(anonymous_6)
FN:88,(anonymous_7)
FN:100,(anonymous_8)
FN:118,(anonymous_9)
FN:126,(anonymous_10)
FN:146,(anonymous_11)
FN:161,(anonymous_12)
FN:200,(anonymous_13)
FN:211,(anonymous_14)
FN:235,(anonymous_15)
FNF:16
FNH:0
FNDA:0,(anonymous_0)
FNDA:0,(anonymous_1)
FNDA:0,(anonymous_2)
FNDA:0,(anonymous_3)
FNDA:0,(anonymous_4)
FNDA:0,(anonymous_5)
FNDA:0,(anonymous_6)
FNDA:0,(anonymous_7)
FNDA:0,(anonymous_8)
FNDA:0,(anonymous_9)
FNDA:0,(anonymous_10)
FNDA:0,(anonymous_11)
FNDA:0,(anonymous_12)
FNDA:0,(anonymous_13)
FNDA:0,(anonymous_14)
FNDA:0,(anonymous_15)
DA:1,2
DA:2,2
DA:3,2
DA:10,2
DA:11,2
DA:12,2
DA:13,2
DA:14,2
DA:22,2
DA:24,2
DA:25,2
DA:26,0
DA:27,0
DA:31,2
DA:32,2
DA:36,2
DA:38,0
DA:39,0
DA:40,0
DA:41,0
DA:43,0
DA:56,2
DA:59,0
DA:60,0
DA:61,0
DA:62,0
DA:66,0
DA:68,0
DA:69,0
DA:72,0
DA:75,0
DA:84,2
DA:85,2
DA:86,2
DA:87,0
DA:88,2
DA:89,0
DA:90,0
DA:91,0
DA:94,0
DA:95,0
DA:96,0
DA:97,0
DA:100,2
DA:103,0
DA:104,0
DA:105,0
DA:108,2
DA:118,2
DA:119,0
DA:120,0
DA:121,0
DA:126,2
DA:127,0
DA:128,0
DA:131,0
DA:132,0
DA:133,0
DA:134,0
DA:137,0
DA:138,0
DA:142,0
DA:146,2
DA:147,0
DA:148,0
DA:150,0
DA:151,0
DA:152,0
DA:153,0
DA:154,0
DA:156,0
DA:157,0
DA:158,0
DA:161,2
DA:162,0
DA:164,0
DA:166,0
DA:167,0
DA:168,0
DA:172,0
DA:173,0
DA:174,0
DA:177,0
DA:178,0
DA:180,0
DA:181,0
DA:182,0
DA:185,0
DA:188,0
DA:191,0
DA:192,0
DA:193,0
DA:195,0
DA:200,0
DA:201,0
DA:202,0
DA:204,0
DA:207,0
DA:208,0
DA:211,0
DA:212,0
DA:216,0
DA:220,0
DA:222,0
DA:225,0
DA:226,0
DA:227,0
DA:228,0
DA:234,0
DA:235,0
DA:236,0
DA:237,0
DA:238,0
DA:241,0
DA:242,0
DA:245,0
DA:246,0
DA:247,0
DA:248,0
DA:251,0
LF:120
LH:25
BRDA:25,0,0,0
BRDA:25,0,1,2
BRDA:48,1,0,2
BRDA:48,1,1,2
BRDA:61,2,0,0
BRDA:61,2,1,0
BRDA:64,3,0,0
BRDA:64,3,1,0
BRDA:72,4,0,0
BRDA:72,4,1,0
BRDA:87,5,0,0
BRDA:87,5,1,0
BRDA:90,6,0,0
BRDA:90,6,1,0
BRDA:95,7,0,0
BRDA:95,7,1,0
BRDA:137,8,0,0
BRDA:137,8,1,0
BRDA:147,9,0,0
BRDA:147,9,1,0
BRDA:153,10,0,0
BRDA:153,10,1,0
BRDA:162,11,0,0
BRDA:162,11,1,0
BRDA:169,12,0,0
BRDA:169,12,1,0
BRDA:180,13,0,0
BRDA:180,13,1,0
BRDA:191,14,0,0
BRDA:191,14,1,0
BRDA:193,15,0,0
BRDA:193,15,1,0
BRDA:201,16,0,0
BRDA:201,16,1,0
BRDA:201,17,0,0
BRDA:201,17,1,0
BRDA:212,18,0,0
BRDA:212,18,1,0
BRDA:213,19,0,0
BRDA:213,19,1,0
BRDA:227,20,0,0
BRDA:227,20,1,0
BRDA:237,21,0,0
BRDA:237,21,1,0
BRDA:247,22,0,0
BRDA:247,22,1,0
BRF:46
BRH:3
end_of_record
TN:
SF:src/types.ts
FNF:0
FNH:0
DA:3,11
DA:14,11
DA:23,11
LF:3
LH:3
BRF:0
BRH:0
end_of_record
TN:
SF:src/platforms/discord.ts
FN:33,(anonymous_0)
FN:60,(anonymous_1)
FN:78,(anonymous_2)
FN:83,(anonymous_3)
FN:130,(anonymous_4)
FN:145,(anonymous_5)
FN:152,(anonymous_6)
FN:178,(anonymous_7)
FN:212,(anonymous_8)
FN:231,(anonymous_9)
FN:269,(anonymous_10)
FN:307,(anonymous_11)
FN:319,(anonymous_12)
FN:320,(anonymous_13)
FN:321,(anonymous_14)
FN:328,(anonymous_15)
FN:347,(anonymous_16)
FN:383,(anonymous_17)
FN:426,messageEvents
FN:439,(anonymous_19)
FN:441,(anonymous_20)
FN:466,(anonymous_21)
FNF:22
FNH:19
FNDA:3,(anonymous_0)
FNDA:4,(anonymous_1)
FNDA:4,(anonymous_2)
FNDA:2,(anonymous_3)
FNDA:0,(anonymous_4)
FNDA:2,(anonymous_5)
FNDA:2,(anonymous_6)
FNDA:4,(anonymous_7)
FNDA:8,(anonymous_8)
FNDA:0,(anonymous_9)
FNDA:0,(anonymous_10)
FNDA:3,(anonymous_11)
FNDA:3,(anonymous_12)
FNDA:3,(anonymous_13)
FNDA:3,(anonymous_14)
FNDA:3,(anonymous_15)
FNDA:3,(anonymous_16)
FNDA:3,(anonymous_17)
FNDA:3,messageEvents
FNDA:4,(anonymous_19)
FNDA:4,(anonymous_20)
FNDA:4,(anonymous_21)
DA:1,3
DA:8,3
DA:9,3
DA:10,3
DA:12,3
DA:13,3
DA:14,3
DA:21,3
DA:23,3
DA:26,3
DA:27,3
DA:33,3
DA:34,3
DA:35,3
DA:36,0
DA:39,3
DA:40,3
DA:41,4
DA:42,4
DA:43,4
DA:44,4
DA:49,2
DA:51,4
DA:54,3
DA:58,3
DA:60,3
DA:65,4
DA:66,4
DA:67,4
DA:68,6
DA:69,4
DA:70,4
DA:73,4
DA:76,3
DA:78,3
DA:79,4
DA:83,3
DA:86,2
DA:93,2
DA:94,2
DA:95,2
DA:96,2
DA:97,2
DA:98,2
DA:99,0
DA:100,0
DA:101,0
DA:102,0
DA:103,2
DA:104,0
DA:105,0
DA:106,0
DA:107,0
DA:108,0
DA:109,0
DA:110,2
DA:111,1
DA:112,1
DA:113,1
DA:114,1
DA:115,1
DA:116,0
DA:117,0
DA:118,0
DA:119,0
DA:121,1
DA:122,1
DA:123,1
DA:124,1
DA:126,2
DA:127,2
DA:130,3
DA:133,0
DA:137,0
DA:138,0
DA:139,0
DA:140,0
DA:141,0
DA:142,0
DA:145,3
DA:148,2
DA:152,2
DA:153,2
DA:156,2
DA:157,1
DA:159,1
DA:160,1
DA:162,0
DA:164,2
DA:165,2
DA:166,1
DA:167,1
DA:169,1
DA:170,1
DA:171,1
DA:173,0
DA:174,0
DA:175,0
DA:178,3
DA:179,4
DA:185,4
DA:186,4
DA:187,0
DA:189,4
DA:190,4
DA:191,4
DA:192,2
DA:193,2
DA:194,0
DA:195,2
DA:196,2
DA:199,4
DA:200,0
DA:203,4
DA:213,8
DA:214,8
DA:218,4
DA:219,4
DA:220,4
DA:221,4
DA:222,0
DA:225,0
DA:228,4
DA:231,3
DA:232,0
DA:233,0
DA:236,0
DA:237,0
DA:239,0
DA:240,0
DA:242,0
DA:243,0
DA:246,0
DA:247,0
DA:248,0
DA:252,0
DA:253,0
DA:254,0
DA:262,0
DA:263,0
DA:267,0
DA:268,0
DA:270,0
DA:271,0
DA:272,0
DA:273,0
DA:274,0
DA:276,0
DA:277,0
DA:279,0
DA:283,0
DA:289,0
DA:296,0
DA:297,0
DA:298,0
DA:299,0
DA:300,0
DA:304,0
DA:307,3
DA:310,3
DA:311,3
DA:312,4
DA:313,4
DA:314,4
DA:316,3
DA:319,3
DA:320,3
DA:321,3
DA:322,3
DA:324,3
DA:328,3
DA:332,3
DA:333,3
DA:334,3
DA:335,4
DA:336,4
DA:337,4
DA:344,3
DA:347,3
DA:354,3
DA:355,0
DA:360,0
DA:361,0
DA:364,0
DA:366,0
DA:367,0
DA:368,0
DA:370,0
DA:371,0
DA:375,0
DA:378,0
DA:379,0
DA:383,3
DA:391,3
DA:395,3
DA:396,4
DA:397,4
DA:402,4
DA:403,0
DA:406,4
DA:408,4
DA:409,4
DA:410,0
DA:412,4
DA:416,4
DA:419,4
DA:420,1
DA:421,1
DA:426,3
DA:427,3
DA:428,0
DA:431,3
DA:432,3
DA:435,3
DA:438,3
DA:439,4
DA:441,3
DA:442,4
DA:445,3
DA:447,3
DA:448,0
DA:452,3
DA:455,3
DA:459,3
DA:461,3
DA:466,3
DA:471,4
DA:474,4
DA:477,3
DA:478,3
DA:479,3
DA:482,3
DA:485,3
DA:492,0
DA:495,3
LF:235
LH:153
BRDA:35,0,0,0
BRDA:35,0,1,3
BRDA:44,1,0,2
BRDA:44,1,1,2
BRDA:45,2,0,4
BRDA:45,2,1,3
BRDA:68,3,0,4
BRDA:68,3,1,2
BRDA:98,4,0,0
BRDA:98,4,1,2
BRDA:103,5,0,0
BRDA:103,5,1,2
BRDA:110,6,0,1
BRDA:110,6,1,1
BRDA:115,7,0,0
BRDA:115,7,1,1
BRDA:156,8,0,1
BRDA:156,8,1,1
BRDA:159,9,0,1
BRDA:159,9,1,0
BRDA:165,10,0,1
BRDA:165,10,1,1
BRDA:169,11,0,1
BRDA:169,11,1,0
BRDA:186,12,0,0
BRDA:186,12,1,4
BRDA:186,13,0,4
BRDA:186,13,1,0
BRDA:191,14,0,2
BRDA:191,14,1,2
BRDA:193,15,0,0
BRDA:193,15,1,2
BRDA:195,16,0,2
BRDA:195,16,1,0
BRDA:199,17,0,0
BRDA:199,17,1,4
BRDA:207,18,0,4
BRDA:207,18,1,2
BRDA:218,19,0,4
BRDA:218,19,1,0
BRDA:218,20,0,4
BRDA:218,20,1,4
BRDA:219,21,0,4
BRDA:219,21,1,0
BRDA:221,22,0,0
BRDA:221,22,1,4
BRDA:222,23,0,0
BRDA:222,23,1,0
BRDA:242,24,0,0
BRDA:242,24,1,0
BRDA:246,25,0,0
BRDA:246,25,1,0
BRDA:252,26,0,0
BRDA:252,26,1,0
BRDA:267,27,0,0
BRDA:267,27,1,0
BRDA:271,28,0,0
BRDA:271,28,1,0
BRDA:272,29,0,0
BRDA:272,29,1,0
BRDA:273,30,0,0
BRDA:273,30,1,0
BRDA:276,31,0,0
BRDA:276,31,1,0
BRDA:297,32,0,0
BRDA:297,32,1,0
BRDA:299,33,0,0
BRDA:299,33,1,0
BRDA:339,34,0,4
BRDA:339,34,1,4
BRDA:367,35,0,0
BRDA:367,35,1,0
BRDA:402,36,0,0
BRDA:402,36,1,4
BRDA:409,37,0,0
BRDA:409,37,1,4
BRDA:419,38,0,1
BRDA:419,38,1,3
BRDA:427,39,0,0
BRDA:427,39,1,3
BRDA:447,40,0,0
BRDA:447,40,1,3
BRF:82
BRH:40
end_of_record
TN:
SF:src/platforms/twitter.ts
FN:79,(anonymous_0)
FN:80,(anonymous_1)
FN:81,(anonymous_2)
FN:93,(anonymous_3)
FN:108,(anonymous_4)
FN:142,(anonymous_5)
FN:155,(anonymous_6)
FN:174,(anonymous_7)
FN:201,(anonymous_8)
FN:211,(anonymous_9)
FN:228,(anonymous_10)
FN:244,(anonymous_11)
FN:258,(anonymous_12)
FN:278,(anonymous_13)
FN:328,(anonymous_14)
FN:363,(anonymous_15)
FN:413,(anonymous_16)
FN:440,(anonymous_17)
FN:448,(anonymous_18)
FN:456,(anonymous_19)
FN:468,(anonymous_20)
FN:473,(anonymous_21)
FN:478,(anonymous_22)
FN:488,(anonymous_23)
FN:514,(anonymous_24)
FNF:25
FNH:22
FNDA:16,(anonymous_0)
FNDA:16,(anonymous_1)
FNDA:6,(anonymous_2)
FNDA:6,(anonymous_3)
FNDA:0,(anonymous_4)
FNDA:22,(anonymous_5)
FNDA:3,(anonymous_6)
FNDA:0,(anonymous_7)
FNDA:2,(anonymous_8)
FNDA:3,(anonymous_9)
FNDA:0,(anonymous_10)
FNDA:2,(anonymous_11)
FNDA:3,(anonymous_12)
FNDA:5,(anonymous_13)
FNDA:4,(anonymous_14)
FNDA:4,(anonymous_15)
FNDA:2,(anonymous_16)
FNDA:6,(anonymous_17)
FNDA:8,(anonymous_18)
FNDA:8,(anonymous_19)
FNDA:12,(anonymous_20)
FNDA:64,(anonymous_21)
FNDA:8,(anonymous_22)
FNDA:60,(anonymous_23)
FNDA:7,(anonymous_24)
DA:1,8
DA:2,8
DA:4,8
DA:5,8
DA:6,8
DA:7,8
DA:8,8
DA:9,8
DA:18,8
DA:25,8
DA:28,8
DA:29,8
DA:34,8
DA:35,8
DA:36,8
DA:37,8
DA:38,8
DA:39,8
DA:40,8
DA:43,8
DA:46,8
DA:70,8
DA:71,8
DA:74,8
DA:79,16
DA:80,16
DA:83,6
DA:84,6
DA:86,6
DA:87,6
DA:88,4
DA:89,2
DA:90,2
DA:94,6
DA:95,0
DA:97,6
DA:98,6
DA:100,0
DA:101,0
DA:105,0
DA:109,0
DA:113,0
DA:114,0
DA:115,0
DA:116,0
DA:117,0
DA:118,0
DA:119,0
DA:120,0
DA:125,0
DA:128,0
DA:130,0
DA:131,0
DA:136,0
DA:138,0
DA:142,8
DA:143,22
DA:144,22
DA:145,10
DA:146,10
DA:148,12
DA:155,8
DA:158,3
DA:159,0
DA:162,3
DA:164,3
DA:165,3
DA:166,2
DA:167,2
DA:168,2
DA:169,2
DA:171,1
DA:174,8
DA:180,0
DA:181,0
DA:186,0
DA:187,0
DA:189,0
DA:190,0
DA:192,0
DA:193,0
DA:195,0
DA:196,0
DA:198,0
DA:201,8
DA:202,2
DA:207,2
DA:208,2
DA:211,8
DA:212,3
DA:213,3
DA:214,3
DA:215,3
DA:216,1
DA:217,1
DA:219,2
DA:220,1
DA:221,1
DA:223,1
DA:224,1
DA:225,1
DA:228,8
DA:235,0
DA:236,0
DA:237,0
DA:238,0
DA:240,0
DA:241,0
DA:244,8
DA:249,2
DA:250,2
DA:251,2
DA:252,2
DA:254,2
DA:255,2
DA:258,8
DA:264,3
DA:265,3
DA:266,2
DA:267,2
DA:268,2
DA:270,1
DA:271,1
DA:272,1
DA:274,1
DA:275,1
DA:278,8
DA:279,5
DA:288,5
DA:289,5
DA:290,5
DA:291,5
DA:292,0
DA:294,5
DA:301,0
DA:308,5
DA:309,2
DA:310,3
DA:311,3
DA:313,5
DA:314,5
DA:316,5
DA:317,0
DA:319,5
DA:324,8
DA:328,8
DA:333,4
DA:335,4
DA:336,4
DA:337,9
DA:338,9
DA:339,9
DA:341,9
DA:342,0
DA:345,4
DA:346,4
DA:347,9
DA:348,9
DA:349,9
DA:350,9
DA:352,0
DA:358,4
DA:363,8
DA:367,4
DA:368,4
DA:371,4
DA:372,4
DA:375,4
DA:377,4
DA:378,4
DA:379,0
DA:382,4
DA:383,4
DA:384,4
DA:385,4
DA:386,4
DA:388,4
DA:389,4
DA:392,0
DA:393,0
DA:394,0
DA:396,0
DA:397,0
DA:400,4
DA:401,0
DA:404,4
DA:405,4
DA:406,4
DA:407,9
DA:408,9
DA:410,4
DA:413,8
DA:418,2
DA:419,2
DA:420,2
DA:421,2
DA:422,2
DA:424,0
DA:430,2
DA:431,2
DA:434,2
DA:435,2
DA:436,2
DA:437,2
DA:440,8
DA:441,6
DA:442,4
DA:443,4
DA:445,2
DA:448,8
DA:449,8
DA:456,8
DA:457,8
DA:458,6
DA:468,8
DA:469,12
DA:473,8
DA:476,64
DA:478,8
DA:479,8
DA:480,0
DA:482,8
DA:483,0
DA:485,8
DA:487,8
DA:488,8
DA:489,60
DA:492,8
DA:494,8
DA:495,1
DA:499,7
DA:500,7
DA:501,7
DA:502,7
DA:507,7
DA:508,7
DA:509,7
DA:513,7
DA:514,7
DA:515,5
DA:522,7
DA:525,7
DA:526,60
DA:529,7
DA:534,7
LF:245
LH:193
BRDA:41,0,0,8
BRDA:41,0,1,2
BRDA:44,1,0,8
BRDA:44,1,1,8
BRDA:47,2,0,8
BRDA:47,2,1,8
BRDA:87,3,0,4
BRDA:87,3,1,2
BRDA:89,4,0,2
BRDA:89,4,1,0
BRDA:94,5,0,0
BRDA:94,5,1,6
BRDA:116,6,0,0
BRDA:116,6,1,0
BRDA:119,7,0,0
BRDA:119,7,1,0
BRDA:119,8,0,0
BRDA:119,8,1,0
BRDA:128,9,0,0
BRDA:128,9,1,0
BRDA:131,10,0,0
BRDA:131,10,1,0
BRDA:132,11,0,0
BRDA:132,11,1,0
BRDA:132,11,2,0
BRDA:144,12,0,10
BRDA:144,12,1,12
BRDA:145,13,0,10
BRDA:145,13,1,0
BRDA:145,13,2,0
BRDA:158,14,0,0
BRDA:158,14,1,3
BRDA:165,15,0,2
BRDA:165,15,1,1
BRDA:165,16,0,3
BRDA:165,16,1,2
BRDA:165,16,2,2
BRDA:167,17,0,2
BRDA:167,17,1,0
BRDA:169,18,0,2
BRDA:169,18,1,0
BRDA:186,19,0,0
BRDA:186,19,1,0
BRDA:189,20,0,0
BRDA:189,20,1,0
BRDA:192,21,0,0
BRDA:192,21,1,0
BRDA:195,22,0,0
BRDA:195,22,1,0
BRDA:213,23,0,3
BRDA:213,23,1,0
BRDA:214,24,0,3
BRDA:214,24,1,0
BRDA:215,25,0,1
BRDA:215,25,1,2
BRDA:219,26,0,1
BRDA:219,26,1,1
BRDA:237,27,0,0
BRDA:237,27,1,0
BRDA:251,28,0,2
BRDA:251,28,1,0
BRDA:265,29,0,2
BRDA:265,29,1,1
BRDA:265,30,0,3
BRDA:265,30,1,2
BRDA:266,31,0,2
BRDA:266,31,1,0
BRDA:266,32,0,0
BRDA:266,32,1,0
BRDA:271,33,0,1
BRDA:271,33,1,0
BRDA:289,34,0,5
BRDA:289,34,1,0
BRDA:291,35,0,0
BRDA:291,35,1,5
BRDA:294,36,0,0
BRDA:294,36,1,5
BRDA:295,37,0,5
BRDA:295,37,1,0
BRDA:295,37,2,0
BRDA:295,37,3,0
BRDA:295,37,4,0
BRDA:308,38,0,2
BRDA:308,38,1,3
BRDA:308,39,0,5
BRDA:308,39,1,2
BRDA:308,39,2,2
BRDA:310,40,0,3
BRDA:310,40,1,0
BRDA:313,41,0,5
BRDA:313,41,1,0
BRDA:316,42,0,0
BRDA:316,42,1,5
BRDA:337,43,0,9
BRDA:337,43,1,0
BRDA:338,44,0,9
BRDA:338,44,1,0
BRDA:341,45,0,0
BRDA:341,45,1,9
BRDA:378,46,0,0
BRDA:378,46,1,4
BRDA:382,47,0,4
BRDA:382,47,1,0
BRDA:385,48,0,4
BRDA:385,48,1,0
BRDA:393,49,0,0
BRDA:393,49,1,0
BRDA:400,50,0,0
BRDA:400,50,1,4
BRDA:404,51,0,4
BRDA:404,51,1,0
BRDA:418,52,0,2
BRDA:418,52,1,0
BRDA:419,53,0,2
BRDA:419,53,1,0
BRDA:431,54,0,2
BRDA:431,54,1,0
BRDA:441,55,0,4
BRDA:441,55,1,2
BRDA:450,56,0,8
BRDA:450,56,1,8
BRDA:450,56,2,8
BRDA:450,56,3,8
BRDA:457,57,0,6
BRDA:457,57,1,2
BRDA:479,58,0,0
BRDA:479,58,1,8
BRDA:482,59,0,0
BRDA:482,59,1,8
BRDA:494,60,0,1
BRDA:494,60,1,7
BRDA:513,61,0,5
BRDA:513,61,1,2
BRF:133
BRH:71
end_of_record
TN:
SF:src/utils/aggregator.ts
FN:21,(anonymous_0)
FN:49,(anonymous_1)
FN:53,(anonymous_2)
FN:60,(anonymous_3)
FN:82,(anonymous_4)
FN:97,(anonymous_5)
FN:101,(anonymous_6)
FNF:7
FNH:7
FNDA:144,(anonymous_0)
FNDA:19,(anonymous_1)
FNDA:72,(anonymous_2)
FNDA:17,(anonymous_3)
FNDA:14,(anonymous_4)
FNDA:9,(anonymous_5)
FNDA:19,(anonymous_6)
DA:21,16
DA:22,144
DA:45,16
DA:47,19
DA:50,19
DA:54,72
DA:55,72
DA:56,72
DA:57,72
DA:61,17
DA:62,17
DA:63,77
DA:64,77
DA:65,5
DA:67,72
DA:68,72
DA:69,16
DA:70,16
DA:72,72
DA:73,72
DA:74,1
DA:76,71
DA:77,71
DA:78,71
DA:83,14
DA:84,14
DA:85,14
DA:86,14
DA:90,9
DA:91,9
DA:94,14
DA:98,9
DA:102,19
DA:103,19
DA:104,15
DA:105,9
DA:108,19
LF:37
LH:37
BRDA:23,0,0,144
BRDA:23,0,1,13
BRDA:23,0,2,13
BRDA:23,0,3,10
BRDA:23,0,4,10
BRDA:23,0,5,10
BRDA:23,1,0,131
BRDA:23,1,1,13
BRDA:24,2,0,0
BRDA:24,2,1,13
BRDA:54,3,0,72
BRDA:54,3,1,0
BRDA:55,4,0,72
BRDA:55,4,1,0
BRDA:55,4,2,0
BRDA:56,5,0,72
BRDA:56,5,1,0
BRDA:56,5,2,0
BRDA:64,6,0,5
BRDA:64,6,1,72
BRDA:68,7,0,16
BRDA:68,7,1,56
BRDA:73,8,0,1
BRDA:73,8,1,71
BRDA:86,9,0,9
BRDA:86,9,1,5
BRDA:87,10,0,14
BRDA:87,10,1,10
BRDA:104,11,0,9
BRDA:104,11,1,6
BRF:30
BRH:24
end_of_record
TN:
SF:src/utils/constants.ts
FNF:0
FNH:0
DA:3,15
DA:6,15
DA:7,15
DA:8,15
LF:4
LH:4
BRF:0
BRH:0
end_of_record
TN:
SF:src/utils/event-types.ts
FN:5,(anonymous_0)
FN:33,(anonymous_1)
FNF:2
FNH:2
FNDA:10,(anonymous_0)
FNDA:22,(anonymous_1)
DA:1,11
DA:2,11
DA:3,11
DA:5,11
DA:9,10
DA:10,4
DA:11,2
DA:13,2
DA:15,6
DA:16,1
DA:18,5
DA:19,0
DA:21,5
DA:22,3
DA:24,2
DA:25,1
DA:27,1
DA:28,1
DA:30,0
DA:33,11
DA:36,22
DA:37,22
DA:38,6
DA:42,16
DA:43,16
DA:44,16
DA:45,7
DA:47,9
DA:48,7
DA:51,2
LF:30
LH:28
BRDA:9,0,0,4
BRDA:9,0,1,6
BRDA:10,1,0,2
BRDA:10,1,1,2
BRDA:15,2,0,1
BRDA:15,2,1,5
BRDA:18,3,0,0
BRDA:18,3,1,5
BRDA:21,4,0,3
BRDA:21,4,1,2
BRDA:24,5,0,1
BRDA:24,5,1,1
BRDA:27,6,0,1
BRDA:27,6,1,0
BRDA:37,7,0,6
BRDA:37,7,1,16
BRDA:38,8,0,3
BRDA:38,8,1,3
BRDA:38,9,0,6
BRDA:38,9,1,0
BRDA:42,10,0,16
BRDA:42,10,1,0
BRDA:44,11,0,7
BRDA:44,11,1,9
BRDA:47,12,0,7
BRDA:47,12,1,2
BRF:26
BRH:22
end_of_record
TN:
SF:src/utils/events.ts
FN:5,(anonymous_0)
FN:8,(anonymous_1)
FN:9,(anonymous_2)
FN:10,(anonymous_3)
FN:21,(anonymous_4)
FN:39,(anonymous_5)
FNF:6
FNH:6
FNDA:15,(anonymous_0)
FNDA:41,(anonymous_1)
FNDA:41,(anonymous_2)
FNDA:40,(anonymous_3)
FNDA:1,(anonymous_4)
FNDA:73,(anonymous_5)
DA:1,10
DA:2,10
DA:3,10
DA:5,10
DA:6,15
DA:8,41
DA:9,41
DA:10,40
DA:11,15
DA:12,1
DA:18,14
DA:21,10
DA:22,1
DA:23,1
DA:24,1
DA:26,1
DA:27,0
DA:29,1
DA:34,1
DA:36,1
DA:39,10
DA:43,73
DA:44,73
DA:45,3
DA:46,3
DA:47,3
DA:52,70
DA:53,61
DA:55,9
DA:56,9
DA:57,9
DA:58,4
DA:60,5
DA:61,4
DA:63,1
DA:65,0
LF:36
LH:34
BRDA:6,0,0,15
BRDA:6,0,1,0
BRDA:11,1,0,1
BRDA:11,1,1,14
BRDA:23,2,0,1
BRDA:23,2,1,0
BRDA:23,3,0,1
BRDA:23,3,1,0
BRDA:26,4,0,0
BRDA:26,4,1,1
BRDA:29,5,0,1
BRDA:29,5,1,0
BRDA:30,6,0,1
BRDA:30,6,1,1
BRDA:30,6,2,0
BRDA:44,7,0,3
BRDA:44,7,1,70
BRDA:45,8,0,3
BRDA:45,8,1,0
BRDA:46,9,0,3
BRDA:46,9,1,0
BRDA:48,10,0,3
BRDA:48,10,1,2
BRDA:48,10,2,2
BRDA:48,10,3,1
BRDA:52,11,0,61
BRDA:52,11,1,9
BRDA:55,12,0,9
BRDA:55,12,1,0
BRDA:57,13,0,4
BRDA:57,13,1,5
BRDA:58,14,0,4
BRDA:58,14,1,2
BRDA:60,15,0,4
BRDA:60,15,1,1
BRDA:61,16,0,4
BRDA:61,16,1,2
BRF:37
BRH:28
end_of_record
TN:
SF:src/utils/logger.ts
FN:15,(anonymous_0)
FN:31,(anonymous_1)
FN:35,(anonymous_2)
FN:46,(anonymous_3)
FN:61,(anonymous_4)
FN:62,(anonymous_5)
FN:63,(anonymous_6)
FN:64,(anonymous_7)
FN:67,(anonymous_8)
FN:68,(anonymous_9)
FN:70,(anonymous_10)
FN:71,(anonymous_11)
FN:72,(anonymous_12)
FN:73,(anonymous_13)
FNF:14
FNH:10
FNDA:15,(anonymous_0)
FNDA:51,(anonymous_1)
FNDA:44,(anonymous_2)
FNDA:51,(anonymous_3)
FNDA:22,(anonymous_4)
FNDA:29,(anonymous_5)
FNDA:0,(anonymous_6)
FNDA:0,(anonymous_7)
FNDA:4,(anonymous_8)
FNDA:18,(anonymous_9)
FNDA:3,(anonymous_10)
FNDA:15,(anonymous_11)
FNDA:0,(anonymous_12)
FNDA:0,(anonymous_13)
DA:1,15
DA:2,15
DA:6,15
DA:8,15
DA:15,15
DA:16,15
DA:17,0
DA:19,15
DA:20,0
DA:22,15
DA:23,0
DA:25,15
DA:26,0
DA:28,15
DA:31,15
DA:32,51
DA:35,15
DA:36,44
DA:37,44
DA:39,0
DA:40,0
DA:42,0
DA:46,15
DA:47,51
DA:48,22
DA:50,29
DA:51,29
DA:52,29
DA:53,29
DA:54,0
DA:56,29
DA:60,15
DA:61,22
DA:62,29
DA:63,0
DA:64,0
DA:67,15
DA:68,18
DA:69,4
DA:70,3
DA:71,15
DA:72,0
DA:73,0
LF:43
LH:31
BRDA:16,0,0,0
BRDA:16,0,1,15
BRDA:19,1,0,0
BRDA:19,1,1,15
BRDA:22,2,0,0
BRDA:22,2,1,15
BRDA:25,3,0,0
BRDA:25,3,1,15
BRDA:36,4,0,44
BRDA:36,4,1,0
BRDA:47,5,0,22
BRDA:47,5,1,29
BRDA:53,6,0,0
BRDA:53,6,1,29
BRDA:53,7,0,29
BRDA:53,7,1,29
BRF:16
BRH:10
end_of_record
TN:
SF:src/utils/lru-cache.ts
FN:6,(anonymous_0)
FN:12,(anonymous_1)
FN:18,(anonymous_2)
FN:30,(anonymous_3)
FNF:4
FNH:4
FNDA:56,(anonymous_0)
FNDA:129,(anonymous_1)
FNDA:62,(anonymous_2)
FNDA:129,(anonymous_3)
DA:1,15
DA:7,56
DA:8,56
DA:9,56
DA:13,129
DA:15,129
DA:19,62
DA:20,1
DA:21,1
DA:22,1
DA:26,62
DA:27,62
DA:31,129
DA:33,129
DA:35,40
DA:36,40
LF:16
LH:16
BRDA:19,0,0,1
BRDA:19,0,1,61
BRDA:21,1,0,1
BRDA:21,1,1,0
BRDA:33,2,0,40
BRDA:33,2,1,89
BRF:6
BRH:5
end_of_record
TN:
SF:src/utils/queue.ts
FN:2,(anonymous_0)
FN:3,(anonymous_1)
FN:30,(anonymous_2)
FN:34,(anonymous_3)
FN:38,(anonymous_4)
FN:42,(anonymous_5)
FN:49,(anonymous_6)
FN:55,(anonymous_7)
FN:61,(anonymous_8)
FN:97,(anonymous_9)
FN:105,(anonymous_10)
FN:109,(anonymous_11)
FNF:12
FNH:10
FNDA:5,(anonymous_0)
FNDA:5,(anonymous_1)
FNDA:9,(anonymous_2)
FNDA:69,(anonymous_3)
FNDA:12,(anonymous_4)
FNDA:8,(anonymous_5)
FNDA:0,(anonymous_6)
FNDA:0,(anonymous_7)
FNDA:6,(anonymous_8)
FNDA:18,(anonymous_9)
FNDA:18,(anonymous_10)
FNDA:8,(anonymous_11)
DA:2,9
DA:3,5
DA:24,9
DA:26,9
DA:27,9
DA:28,9
DA:31,9
DA:35,69
DA:39,12
DA:43,8
DA:45,6
DA:50,0
DA:51,0
DA:52,0
DA:56,0
DA:57,0
DA:58,0
DA:62,6
DA:63,0
DA:65,6
DA:66,6
DA:68,6
DA:69,18
DA:70,18
DA:72,18
DA:73,18
DA:74,18
DA:75,10
DA:76,10
DA:79,8
DA:80,8
DA:83,0
DA:86,8
DA:87,8
DA:88,8
DA:89,5
DA:93,5
DA:98,18
DA:99,0
DA:100,0
DA:101,0
DA:106,18
DA:110,8
DA:111,8
DA:112,8
DA:114,0
DA:115,0
DA:116,0
DA:120,0
DA:121,0
DA:123,0
DA:124,0
DA:125,0
DA:126,0
DA:127,0
DA:130,0
DA:131,0
LF:57
LH:34
BRDA:43,0,0,6
BRDA:43,0,1,2
BRDA:62,1,0,0
BRDA:62,1,1,6
BRDA:74,2,0,10
BRDA:74,2,1,8
BRDA:80,3,0,0
BRDA:80,3,1,8
BRDA:88,4,0,5
BRDA:88,4,1,3
BRDA:98,5,0,0
BRDA:98,5,1,18
BRDA:115,6,0,0
BRDA:115,6,1,0
BRDA:123,7,0,0
BRDA:123,7,1,0
BRF:16
BRH:9
end_of_record
TN:
SF:src/utils/sweep.ts
FN:13,(anonymous_0)
FN:35,(anonymous_1)
FN:49,(anonymous_2)
FN:63,(anonymous_3)
FN:72,(anonymous_4)
FN:77,(anonymous_5)
FN:80,(anonymous_6)
FN:84,(anonymous_7)
FN:90,(anonymous_8)
FN:96,(anonymous_9)
FN:103,(anonymous_10)
FN:108,(anonymous_11)
FN:113,(anonymous_12)
FN:143,(anonymous_13)
FN:158,(anonymous_14)
FN:161,(anonymous_15)
FN:175,(anonymous_16)
FN:186,(anonymous_17)
FN:202,(anonymous_18)
FN:206,(anonymous_19)
FN:208,(anonymous_20)
FN:225,(anonymous_21)
FNF:22
FNH:22
FNDA:14,(anonymous_0)
FNDA:152,(anonymous_1)
FNDA:36,(anonymous_2)
FNDA:18,(anonymous_3)
FNDA:15,(anonymous_4)
FNDA:12,(anonymous_5)
FNDA:8,(anonymous_6)
FNDA:71,(anonymous_7)
FNDA:18,(anonymous_8)
FNDA:5,(anonymous_9)
FNDA:9,(anonymous_10)
FNDA:19,(anonymous_11)
FNDA:11,(anonymous_12)
FNDA:55,(anonymous_13)
FNDA:9,(anonymous_14)
FNDA:26,(anonymous_15)
FNDA:3,(anonymous_16)
FNDA:7,(anonymous_17)
FNDA:8,(anonymous_18)
FNDA:14,(anonymous_19)
FNDA:14,(anonymous_20)
FNDA:12,(anonymous_21)
DA:3,15
DA:4,15
DA:13,15
DA:16,14
DA:17,14
DA:18,14
DA:20,14
DA:35,15
DA:36,152
DA:37,152
DA:38,152
DA:39,152
DA:49,15
DA:52,36
DA:59,15
DA:64,18
DA:68,18
DA:73,15
DA:78,12
DA:80,8
DA:85,71
DA:86,71
DA:91,18
DA:92,18
DA:97,5
DA:98,11
DA:104,9
DA:109,19
DA:118,11
DA:119,11
DA:120,11
DA:121,11
DA:123,11
DA:124,67
DA:125,0
DA:126,0
DA:129,67
DA:130,67
DA:131,2
DA:132,2
DA:135,65
DA:138,11
DA:143,15
DA:144,55
DA:145,55
DA:146,1
DA:150,54
DA:151,54
DA:153,1
DA:158,15
DA:161,9
DA:162,26
DA:163,26
DA:164,26
DA:165,8
DA:167,18
DA:168,6
DA:170,12
DA:175,15
DA:183,3
DA:184,3
DA:186,3
DA:187,7
DA:188,7
DA:191,7
DA:193,7
DA:202,15
DA:205,8
DA:206,14
DA:209,14
DA:213,8
DA:214,2
DA:218,6
DA:219,6
DA:220,0
DA:222,6
DA:225,6
DA:226,12
DA:230,6
DA:231,6
LF:80
LH:77
BRDA:22,0,0,14
BRDA:22,0,1,7
BRDA:25,1,0,14
BRDA:25,1,1,7
BRDA:28,2,0,14
BRDA:28,2,1,13
BRDA:36,3,0,152
BRDA:36,3,1,0
BRDA:37,4,0,152
BRDA:37,4,1,2
BRDA:38,5,0,152
BRDA:38,5,1,2
BRDA:53,6,0,36
BRDA:53,6,1,19
BRDA:124,7,0,0
BRDA:124,7,1,67
BRDA:130,8,0,2
BRDA:130,8,1,65
BRDA:130,9,0,67
BRDA:130,9,1,62
BRDA:145,10,0,1
BRDA:145,10,1,54
BRDA:164,11,0,8
BRDA:164,11,1,18
BRDA:167,12,0,6
BRDA:167,12,1,12
BRDA:177,13,0,2
BRDA:188,14,0,6
BRDA:188,14,1,1
BRDA:191,15,0,7
BRDA:191,15,1,0
BRDA:209,16,0,14
BRDA:209,16,1,13
BRDA:209,16,2,2
BRDA:213,17,0,2
BRDA:213,17,1,6
BRDA:219,18,0,0
BRDA:219,18,1,6
BRDA:226,19,0,12
BRDA:226,19,1,0
BRF:40
BRH:35
end_of_record
TN:
SF:src/utils/utils.ts
FN:12,timeout
FN:13,(anonymous_2)
FN:17,(anonymous_3)
FN:27,(anonymous_4)
FN:42,(anonymous_5)
FN:64,(anonymous_6)
FN:83,(anonymous_7)
FN:87,(anonymous_8)
FN:108,(anonymous_9)
FNF:9
FNH:9
FNDA:1,timeout
FNDA:1,(anonymous_2)
FNDA:2,(anonymous_3)
FNDA:15,(anonymous_4)
FNDA:30,(anonymous_5)
FNDA:10,(anonymous_6)
FNDA:17,(anonymous_7)
FNDA:2,(anonymous_8)
FNDA:4,(anonymous_9)
DA:1,15
DA:2,15
DA:4,15
DA:10,15
DA:12,15
DA:13,1
DA:16,15
DA:17,15
DA:18,2
DA:24,15
DA:25,15
DA:26,15
DA:27,15
DA:28,15
DA:33,15
DA:34,15
DA:37,15
DA:38,15
DA:42,15
DA:47,30
DA:48,1
DA:50,29
DA:51,29
DA:52,29
DA:53,11
DA:55,18
DA:56,12
DA:58,6
DA:64,15
DA:69,10
DA:70,10
DA:71,10
DA:72,10
DA:74,8
DA:75,2
DA:77,1
DA:79,10
DA:82,15
DA:83,15
DA:84,17
DA:87,15
DA:90,2
DA:91,0
DA:94,2
DA:95,2
DA:96,1
DA:97,1
DA:98,1
DA:99,1
DA:101,1
DA:108,15
DA:111,4
DA:112,4
DA:113,4
DA:114,4
DA:115,4
DA:117,4
DA:118,3
DA:120,3
DA:124,3
DA:129,3
DA:132,3
DA:134,0
DA:139,4
LF:64
LH:62
BRDA:33,0,0,15
BRDA:33,0,1,15
BRDA:35,1,0,15
BRDA:35,1,1,15
BRDA:37,2,0,15
BRDA:37,2,1,15
BRDA:38,3,0,15
BRDA:38,3,1,7
BRDA:47,4,0,1
BRDA:47,4,1,29
BRDA:50,5,0,29
BRDA:50,5,1,1
BRDA:51,6,0,29
BRDA:51,6,1,1
BRDA:52,7,0,11
BRDA:52,7,1,18
BRDA:55,8,0,12
BRDA:55,8,1,6
BRDA:55,9,0,18
BRDA:55,9,1,17
BRDA:55,9,2,8
BRDA:72,10,0,8
BRDA:72,10,1,2
BRDA:72,11,0,10
BRDA:72,11,1,0
BRDA:75,12,0,1
BRDA:75,12,1,1
BRDA:90,13,0,0
BRDA:90,13,1,2
BRDA:95,14,0,1
BRDA:95,14,1,1
BRDA:95,15,0,2
BRDA:95,15,1,2
BRDA:95,15,2,1
BRDA:97,16,0,1
BRDA:97,16,1,0
BRDA:99,17,0,1
BRDA:99,17,1,0
BRDA:114,18,0,4
BRDA:114,18,1,0
BRDA:115,19,0,4
BRDA:115,19,1,0
BRDA:117,20,0,3
BRDA:117,20,1,1
BRDA:117,21,0,4
BRDA:117,21,1,1
BRF:46
BRH:40
end_of_record
